14:54:33:923  INFO 6800 --- [main] com.hmall.pay.PayApplication             : Starting PayApplication using Java 17.0.10 on DESKTOP-NIN58E8 with PID 6800 (D:\WorkSpace\微服务\hmall\pay-service\target\classes started by violet in D:\WorkSpace\微服务\hmall)
14:54:33:930 DEBUG 6800 --- [main] com.hmall.pay.PayApplication             : Running with Spring Boot v2.7.12, Spring v5.3.27
14:54:33:931  INFO 6800 --- [main] com.hmall.pay.PayApplication             : The following 1 profile is active: "local"
14:54:35:219  INFO 6800 --- [main] o.s.cloud.context.scope.GenericScope     : BeanFactory id=91546039-c0c1-3aed-9115-f86cf2141404
14:54:35:674  INFO 6800 --- [main] o.s.b.w.embedded.tomcat.TomcatWebServer  : Tomcat initialized with port(s): 8086 (http)
14:54:35:686  INFO 6800 --- [main] o.apache.catalina.core.StandardService   : Starting service [Tomcat]
14:54:35:686  INFO 6800 --- [main] org.apache.catalina.core.StandardEngine  : Starting Servlet engine: [Apache Tomcat/9.0.75]
14:54:35:886  INFO 6800 --- [main] o.a.c.c.C.[Tomcat].[localhost].[/]       : Initializing Spring embedded WebApplicationContext
14:54:35:886  INFO 6800 --- [main] w.s.c.ServletWebServerApplicationContext : Root WebApplicationContext: initialization completed in 1906 ms
14:54:36:140  INFO 6800 --- [main] o.s.c.openfeign.FeignClientFactoryBean   : For 'user-service' URL not provided. Will try picking an instance via load-balancing.
14:54:36:204  INFO 6800 --- [main] o.s.c.openfeign.FeignClientFactoryBean   : For 'trade-service' URL not provided. Will try picking an instance via load-balancing.
14:54:37:408  INFO 6800 --- [main] pertySourcedRequestMappingHandlerMapping : Mapped URL path [/v2/api-docs] onto method [springfox.documentation.swagger2.web.Swagger2ControllerWebMvc#getDocumentation(String, HttpServletRequest)]
14:54:38:059  INFO 6800 --- [main] com.alibaba.nacos.common.remote.client   : [RpcClientFactory] create a new rpc client of c3f4cada-65e5-442d-bcea-3733ea2d13e2
14:54:38:108  INFO 6800 --- [main] org.reflections.Reflections              : Reflections took 28 ms to scan 1 urls, producing 3 keys and 6 values 
14:54:38:134  INFO 6800 --- [main] org.reflections.Reflections              : Reflections took 8 ms to scan 1 urls, producing 4 keys and 9 values 
14:54:38:144  INFO 6800 --- [main] org.reflections.Reflections              : Reflections took 5 ms to scan 1 urls, producing 3 keys and 10 values 
14:54:38:147  WARN 6800 --- [main] org.reflections.Reflections              : given scan urls are empty. set urls in the configuration
14:54:38:153  INFO 6800 --- [main] org.reflections.Reflections              : Reflections took 5 ms to scan 1 urls, producing 1 keys and 5 values 
14:54:38:162  INFO 6800 --- [main] org.reflections.Reflections              : Reflections took 6 ms to scan 1 urls, producing 1 keys and 7 values 
14:54:38:171  INFO 6800 --- [main] org.reflections.Reflections              : Reflections took 5 ms to scan 1 urls, producing 2 keys and 8 values 
14:54:38:174  WARN 6800 --- [main] org.reflections.Reflections              : given scan urls are empty. set urls in the configuration
14:54:38:175  INFO 6800 --- [main] com.alibaba.nacos.common.remote.client   : [c3f4cada-65e5-442d-bcea-3733ea2d13e2] RpcClient init label, labels = {module=naming, source=sdk}
14:54:38:177  INFO 6800 --- [main] com.alibaba.nacos.common.remote.client   : [c3f4cada-65e5-442d-bcea-3733ea2d13e2] RpcClient init, ServerListFactory = com.alibaba.nacos.client.naming.core.ServerListManager
14:54:38:177  INFO 6800 --- [main] com.alibaba.nacos.common.remote.client   : [c3f4cada-65e5-442d-bcea-3733ea2d13e2] Registry connection listener to current client:com.alibaba.nacos.client.naming.remote.gprc.redo.NamingGrpcRedoService
14:54:38:178  INFO 6800 --- [main] com.alibaba.nacos.common.remote.client   : [c3f4cada-65e5-442d-bcea-3733ea2d13e2] Register server push request handler:com.alibaba.nacos.client.naming.remote.gprc.NamingPushRequestHandler
14:54:38:180  INFO 6800 --- [main] com.alibaba.nacos.common.remote.client   : [c3f4cada-65e5-442d-bcea-3733ea2d13e2] Try to connect to server on start up, server: {serverIp = '192.168.75.134', server main port = 8848}
14:54:39:513  INFO 6800 --- [main] com.alibaba.nacos.common.remote.client   : [c3f4cada-65e5-442d-bcea-3733ea2d13e2] Success to connect to server [192.168.75.134:8848] on start up, connectionId = 1724695427611_192.168.75.1_3620
14:54:39:514  INFO 6800 --- [com.alibaba.nacos.client.remote.worker] com.alibaba.nacos.common.remote.client   : [c3f4cada-65e5-442d-bcea-3733ea2d13e2] Notify connected event to listeners.
14:54:39:515  INFO 6800 --- [main] com.alibaba.nacos.common.remote.client   : [c3f4cada-65e5-442d-bcea-3733ea2d13e2] Register server push request handler:com.alibaba.nacos.common.remote.client.RpcClient$ConnectResetRequestHandler
14:54:39:516  INFO 6800 --- [main] com.alibaba.nacos.common.remote.client   : [c3f4cada-65e5-442d-bcea-3733ea2d13e2] Register server push request handler:com.alibaba.nacos.common.remote.client.RpcClient$$Lambda$989/0x00000225c369aa30
14:54:39:578  INFO 6800 --- [main] o.s.b.w.embedded.tomcat.TomcatWebServer  : Tomcat started on port(s): 8086 (http) with context path ''
14:54:39:587  INFO 6800 --- [main] c.a.c.n.registry.NacosServiceRegistry    : nacos registry, DEFAULT_GROUP pay-service 113.55.120.213:8086 register finished
14:54:39:883  INFO 6800 --- [main] d.s.w.p.DocumentationPluginsBootstrapper : Documentation plugins bootstrapped
14:54:39:886  INFO 6800 --- [main] d.s.w.p.DocumentationPluginsBootstrapper : Found 1 custom documentation plugin(s)
14:54:39:910  INFO 6800 --- [main] s.d.s.w.s.ApiListingReferenceScanner     : Scanning for api listing references
14:54:40:009  INFO 6800 --- [main] com.hmall.pay.PayApplication             : Started PayApplication in 7.0 seconds (JVM running for 7.761)
14:54:40:052  INFO 6800 --- [nacos-grpc-client-executor-10] com.alibaba.nacos.common.remote.client   : [c3f4cada-65e5-442d-bcea-3733ea2d13e2] Receive server push request, request = NotifySubscriberRequest, requestId = 50
14:54:40:055  INFO 6800 --- [nacos-grpc-client-executor-10] com.alibaba.nacos.common.remote.client   : [c3f4cada-65e5-442d-bcea-3733ea2d13e2] Ack server push request, request = NotifySubscriberRequest, requestId = 50
15:39:45:290  INFO 11160 --- [main] com.hmall.pay.PayApplication             : Starting PayApplication using Java 17.0.10 on DESKTOP-NIN58E8 with PID 11160 (D:\WorkSpace\微服务\hmall\pay-service\target\classes started by violet in D:\WorkSpace\微服务\hmall)
15:39:45:293 DEBUG 11160 --- [main] com.hmall.pay.PayApplication             : Running with Spring Boot v2.7.12, Spring v5.3.27
15:39:45:293  INFO 11160 --- [main] com.hmall.pay.PayApplication             : The following 1 profile is active: "local"
15:39:46:403  INFO 11160 --- [main] o.s.cloud.context.scope.GenericScope     : BeanFactory id=91546039-c0c1-3aed-9115-f86cf2141404
15:39:46:790  INFO 11160 --- [main] o.s.b.w.embedded.tomcat.TomcatWebServer  : Tomcat initialized with port(s): 8086 (http)
15:39:46:798  INFO 11160 --- [main] o.apache.catalina.core.StandardService   : Starting service [Tomcat]
15:39:46:798  INFO 11160 --- [main] org.apache.catalina.core.StandardEngine  : Starting Servlet engine: [Apache Tomcat/9.0.75]
15:39:46:974  INFO 11160 --- [main] o.a.c.c.C.[Tomcat].[localhost].[/]       : Initializing Spring embedded WebApplicationContext
15:39:46:974  INFO 11160 --- [main] w.s.c.ServletWebServerApplicationContext : Root WebApplicationContext: initialization completed in 1630 ms
15:39:47:159  INFO 11160 --- [main] o.s.c.openfeign.FeignClientFactoryBean   : For 'user-service' URL not provided. Will try picking an instance via load-balancing.
15:39:47:209  INFO 11160 --- [main] o.s.c.openfeign.FeignClientFactoryBean   : For 'trade-service' URL not provided. Will try picking an instance via load-balancing.
15:39:48:405  INFO 11160 --- [main] pertySourcedRequestMappingHandlerMapping : Mapped URL path [/v2/api-docs] onto method [springfox.documentation.swagger2.web.Swagger2ControllerWebMvc#getDocumentation(String, HttpServletRequest)]
15:39:48:995  INFO 11160 --- [main] com.alibaba.nacos.common.remote.client   : [RpcClientFactory] create a new rpc client of 30491a60-a719-4de8-a44b-d6c5753598e4
15:39:49:043  INFO 11160 --- [main] org.reflections.Reflections              : Reflections took 26 ms to scan 1 urls, producing 3 keys and 6 values 
15:39:49:080  INFO 11160 --- [main] org.reflections.Reflections              : Reflections took 12 ms to scan 1 urls, producing 4 keys and 9 values 
15:39:49:091  INFO 11160 --- [main] org.reflections.Reflections              : Reflections took 7 ms to scan 1 urls, producing 3 keys and 10 values 
15:39:49:095  WARN 11160 --- [main] org.reflections.Reflections              : given scan urls are empty. set urls in the configuration
15:39:49:101  INFO 11160 --- [main] org.reflections.Reflections              : Reflections took 5 ms to scan 1 urls, producing 1 keys and 5 values 
15:39:49:110  INFO 11160 --- [main] org.reflections.Reflections              : Reflections took 6 ms to scan 1 urls, producing 1 keys and 7 values 
15:39:49:119  INFO 11160 --- [main] org.reflections.Reflections              : Reflections took 5 ms to scan 1 urls, producing 2 keys and 8 values 
15:39:49:122  WARN 11160 --- [main] org.reflections.Reflections              : given scan urls are empty. set urls in the configuration
15:39:49:124  INFO 11160 --- [main] com.alibaba.nacos.common.remote.client   : [30491a60-a719-4de8-a44b-d6c5753598e4] RpcClient init label, labels = {module=naming, source=sdk}
15:39:49:126  INFO 11160 --- [main] com.alibaba.nacos.common.remote.client   : [30491a60-a719-4de8-a44b-d6c5753598e4] RpcClient init, ServerListFactory = com.alibaba.nacos.client.naming.core.ServerListManager
15:39:49:126  INFO 11160 --- [main] com.alibaba.nacos.common.remote.client   : [30491a60-a719-4de8-a44b-d6c5753598e4] Registry connection listener to current client:com.alibaba.nacos.client.naming.remote.gprc.redo.NamingGrpcRedoService
15:39:49:127  INFO 11160 --- [main] com.alibaba.nacos.common.remote.client   : [30491a60-a719-4de8-a44b-d6c5753598e4] Register server push request handler:com.alibaba.nacos.client.naming.remote.gprc.NamingPushRequestHandler
15:39:49:129  INFO 11160 --- [main] com.alibaba.nacos.common.remote.client   : [30491a60-a719-4de8-a44b-d6c5753598e4] Try to connect to server on start up, server: {serverIp = '192.168.75.134', server main port = 8848}
15:39:50:327  INFO 11160 --- [main] com.alibaba.nacos.common.remote.client   : [30491a60-a719-4de8-a44b-d6c5753598e4] Success to connect to server [192.168.75.134:8848] on start up, connectionId = 1724830790398_192.168.75.1_13957
15:39:50:328  INFO 11160 --- [com.alibaba.nacos.client.remote.worker] com.alibaba.nacos.common.remote.client   : [30491a60-a719-4de8-a44b-d6c5753598e4] Notify connected event to listeners.
15:39:50:328  INFO 11160 --- [main] com.alibaba.nacos.common.remote.client   : [30491a60-a719-4de8-a44b-d6c5753598e4] Register server push request handler:com.alibaba.nacos.common.remote.client.RpcClient$ConnectResetRequestHandler
15:39:50:328  INFO 11160 --- [main] com.alibaba.nacos.common.remote.client   : [30491a60-a719-4de8-a44b-d6c5753598e4] Register server push request handler:com.alibaba.nacos.common.remote.client.RpcClient$$Lambda$989/0x0000021b8169aa30
15:39:50:382  INFO 11160 --- [main] o.s.b.w.embedded.tomcat.TomcatWebServer  : Tomcat started on port(s): 8086 (http) with context path ''
15:39:50:394  INFO 11160 --- [main] c.a.c.n.registry.NacosServiceRegistry    : nacos registry, DEFAULT_GROUP pay-service 113.55.120.213:8086 register finished
15:39:50:691  INFO 11160 --- [main] d.s.w.p.DocumentationPluginsBootstrapper : Documentation plugins bootstrapped
15:39:50:693  INFO 11160 --- [main] d.s.w.p.DocumentationPluginsBootstrapper : Found 1 custom documentation plugin(s)
15:39:50:714  INFO 11160 --- [main] s.d.s.w.s.ApiListingReferenceScanner     : Scanning for api listing references
15:39:50:797  INFO 11160 --- [main] com.hmall.pay.PayApplication             : Started PayApplication in 6.327 seconds (JVM running for 7.047)
15:39:50:938  INFO 11160 --- [nacos-grpc-client-executor-11] com.alibaba.nacos.common.remote.client   : [30491a60-a719-4de8-a44b-d6c5753598e4] Receive server push request, request = NotifySubscriberRequest, requestId = 3
15:39:50:941  INFO 11160 --- [nacos-grpc-client-executor-11] com.alibaba.nacos.common.remote.client   : [30491a60-a719-4de8-a44b-d6c5753598e4] Ack server push request, request = NotifySubscriberRequest, requestId = 3
