14:13:12:563  INFO 7304 --- [main] com.hmall.cart.CartApplication           : Starting CartApplication using Java 17.0.10 on DESKTOP-NIN58E8 with PID 7304 (D:\WorkSpace\微服务\hmall\cart-service\target\classes started by violet in D:\WorkSpace\微服务\hmall)
14:13:12:567 DEBUG 7304 --- [main] com.hmall.cart.CartApplication           : Running with Spring Boot v2.7.12, Spring v5.3.27
14:13:12:568  INFO 7304 --- [main] com.hmall.cart.CartApplication           : The following 1 profile is active: "local"
14:13:13:712  INFO 7304 --- [main] o.s.cloud.context.scope.GenericScope     : BeanFactory id=ecbe3554-9846-385b-8ba7-56a050c0fc39
14:13:14:049  INFO 7304 --- [main] o.s.b.w.embedded.tomcat.TomcatWebServer  : Tomcat initialized with port(s): 8082 (http)
14:13:14:058  INFO 7304 --- [main] o.apache.catalina.core.StandardService   : Starting service [Tomcat]
14:13:14:058  INFO 7304 --- [main] org.apache.catalina.core.StandardEngine  : Starting Servlet engine: [Apache Tomcat/9.0.75]
14:13:14:230  INFO 7304 --- [main] o.a.c.c.C.[Tomcat].[localhost].[/]       : Initializing Spring embedded WebApplicationContext
14:13:14:231  INFO 7304 --- [main] w.s.c.ServletWebServerApplicationContext : Root WebApplicationContext: initialization completed in 1620 ms
14:13:14:399  INFO 7304 --- [main] o.s.c.openfeign.FeignClientFactoryBean   : For 'item-service' URL not provided. Will try picking an instance via load-balancing.
14:13:15:470  INFO 7304 --- [main] pertySourcedRequestMappingHandlerMapping : Mapped URL path [/v2/api-docs] onto method [springfox.documentation.swagger2.web.Swagger2ControllerWebMvc#getDocumentation(String, HttpServletRequest)]
14:13:15:923  INFO 7304 --- [main] com.alibaba.nacos.common.remote.client   : [RpcClientFactory] create a new rpc client of 25dd2e2c-2377-4564-9ddf-15d8355278c4
14:13:15:958  INFO 7304 --- [main] org.reflections.Reflections              : Reflections took 19 ms to scan 1 urls, producing 3 keys and 6 values 
14:13:15:985  INFO 7304 --- [main] org.reflections.Reflections              : Reflections took 8 ms to scan 1 urls, producing 4 keys and 9 values 
14:13:15:994  INFO 7304 --- [main] org.reflections.Reflections              : Reflections took 6 ms to scan 1 urls, producing 3 keys and 10 values 
14:13:15:997  WARN 7304 --- [main] org.reflections.Reflections              : given scan urls are empty. set urls in the configuration
14:13:16:003  INFO 7304 --- [main] org.reflections.Reflections              : Reflections took 6 ms to scan 1 urls, producing 1 keys and 5 values 
14:13:16:011  INFO 7304 --- [main] org.reflections.Reflections              : Reflections took 6 ms to scan 1 urls, producing 1 keys and 7 values 
14:13:16:021  INFO 7304 --- [main] org.reflections.Reflections              : Reflections took 8 ms to scan 1 urls, producing 2 keys and 8 values 
14:13:16:023  WARN 7304 --- [main] org.reflections.Reflections              : given scan urls are empty. set urls in the configuration
14:13:16:024  INFO 7304 --- [main] com.alibaba.nacos.common.remote.client   : [25dd2e2c-2377-4564-9ddf-15d8355278c4] RpcClient init label, labels = {module=naming, source=sdk}
14:13:16:026  INFO 7304 --- [main] com.alibaba.nacos.common.remote.client   : [25dd2e2c-2377-4564-9ddf-15d8355278c4] RpcClient init, ServerListFactory = com.alibaba.nacos.client.naming.core.ServerListManager
14:13:16:026  INFO 7304 --- [main] com.alibaba.nacos.common.remote.client   : [25dd2e2c-2377-4564-9ddf-15d8355278c4] Registry connection listener to current client:com.alibaba.nacos.client.naming.remote.gprc.redo.NamingGrpcRedoService
14:13:16:026  INFO 7304 --- [main] com.alibaba.nacos.common.remote.client   : [25dd2e2c-2377-4564-9ddf-15d8355278c4] Register server push request handler:com.alibaba.nacos.client.naming.remote.gprc.NamingPushRequestHandler
14:13:16:028  INFO 7304 --- [main] com.alibaba.nacos.common.remote.client   : [25dd2e2c-2377-4564-9ddf-15d8355278c4] Try to connect to server on start up, server: {serverIp = '192.168.75.134', server main port = 8848}
14:13:17:066  INFO 7304 --- [main] com.alibaba.nacos.common.remote.client   : [25dd2e2c-2377-4564-9ddf-15d8355278c4] Success to connect to server [192.168.75.134:8848] on start up, connectionId = 1724676476667_192.168.75.1_14832
14:13:17:067  INFO 7304 --- [com.alibaba.nacos.client.remote.worker] com.alibaba.nacos.common.remote.client   : [25dd2e2c-2377-4564-9ddf-15d8355278c4] Notify connected event to listeners.
14:13:17:067  INFO 7304 --- [main] com.alibaba.nacos.common.remote.client   : [25dd2e2c-2377-4564-9ddf-15d8355278c4] Register server push request handler:com.alibaba.nacos.common.remote.client.RpcClient$ConnectResetRequestHandler
14:13:17:068  INFO 7304 --- [main] com.alibaba.nacos.common.remote.client   : [25dd2e2c-2377-4564-9ddf-15d8355278c4] Register server push request handler:com.alibaba.nacos.common.remote.client.RpcClient$$Lambda$1003/0x000001aa876f8ac8
14:13:17:113  INFO 7304 --- [main] o.s.b.w.embedded.tomcat.TomcatWebServer  : Tomcat started on port(s): 8082 (http) with context path ''
14:13:17:121  INFO 7304 --- [main] c.a.c.n.registry.NacosServiceRegistry    : nacos registry, DEFAULT_GROUP cart-service 113.55.120.213:8082 register finished
14:13:17:431  INFO 7304 --- [main] d.s.w.p.DocumentationPluginsBootstrapper : Documentation plugins bootstrapped
14:13:17:434  INFO 7304 --- [main] d.s.w.p.DocumentationPluginsBootstrapper : Found 1 custom documentation plugin(s)
14:13:17:454  INFO 7304 --- [main] s.d.s.w.s.ApiListingReferenceScanner     : Scanning for api listing references
14:13:17:517  INFO 7304 --- [main] com.hmall.cart.CartApplication           : Started CartApplication in 5.796 seconds (JVM running for 6.516)
14:13:17:627  INFO 7304 --- [nacos-grpc-client-executor-11] com.alibaba.nacos.common.remote.client   : [25dd2e2c-2377-4564-9ddf-15d8355278c4] Receive server push request, request = NotifySubscriberRequest, requestId = 10
14:13:17:629  INFO 7304 --- [nacos-grpc-client-executor-11] com.alibaba.nacos.common.remote.client   : [25dd2e2c-2377-4564-9ddf-15d8355278c4] Ack server push request, request = NotifySubscriberRequest, requestId = 10
16:52:29:332  WARN 7304 --- [Thread-4] c.a.nacos.common.notify.NotifyCenter     : [NotifyCenter] Start destroying Publisher
16:52:29:332  WARN 7304 --- [Thread-7] c.a.n.common.http.HttpClientBeanHolder   : [HttpClientBeanHolder] Start destroying common HttpClient
16:52:29:332  WARN 7304 --- [Thread-4] c.a.nacos.common.notify.NotifyCenter     : [NotifyCenter] Destruction of the end
16:52:29:333  WARN 7304 --- [Thread-7] c.a.n.common.http.HttpClientBeanHolder   : [HttpClientBeanHolder] Destruction of the end
16:52:29:357  INFO 7304 --- [SpringApplicationShutdownHook] c.a.c.n.registry.NacosServiceRegistry    : De-registering from Nacos Server now...
16:52:29:358  INFO 7304 --- [SpringApplicationShutdownHook] c.a.c.n.registry.NacosServiceRegistry    : De-registration finished.
16:52:29:684  INFO 7304 --- [SpringApplicationShutdownHook] com.alibaba.nacos.common.remote.client   : Shutdown rpc client, set status to shutdown
16:52:29:684  INFO 7304 --- [SpringApplicationShutdownHook] com.alibaba.nacos.common.remote.client   : Shutdown client event executor java.util.concurrent.ScheduledThreadPoolExecutor@2228b8d[Running, pool size = 2, active threads = 2, queued tasks = 0, completed tasks = 0]
16:52:29:684  INFO 7304 --- [SpringApplicationShutdownHook] com.alibaba.nacos.common.remote.client   : Close current connection 1724676476667_192.168.75.1_14832
16:52:29:685  INFO 7304 --- [nacos-grpc-client-executor-1953] c.a.n.c.remote.client.grpc.GrpcClient    : [1724676476667_192.168.75.1_14832]Ignore complete event,isRunning:false,isAbandon=false
16:52:29:687  INFO 7304 --- [SpringApplicationShutdownHook] c.a.n.c.remote.client.grpc.GrpcClient    : Shutdown grpc executor java.util.concurrent.ThreadPoolExecutor@480e1fd0[Running, pool size = 5, active threads = 0, queued tasks = 0, completed tasks = 1954]
20:57:16:207  INFO 16084 --- [main] com.hmall.cart.CartApplication           : Starting CartApplication using Java 17.0.10 on DESKTOP-NIN58E8 with PID 16084 (D:\WorkSpace\微服务\hmall\cart-service\target\classes started by violet in D:\WorkSpace\微服务\hmall)
20:57:16:230 DEBUG 16084 --- [main] com.hmall.cart.CartApplication           : Running with Spring Boot v2.7.12, Spring v5.3.27
20:57:16:230  INFO 16084 --- [main] com.hmall.cart.CartApplication           : The following 1 profile is active: "local"
20:57:17:473  INFO 16084 --- [main] o.s.cloud.context.scope.GenericScope     : BeanFactory id=07293c11-628e-3efa-898a-dbdb5eb7e4e2
20:57:17:816  INFO 16084 --- [main] o.s.b.w.embedded.tomcat.TomcatWebServer  : Tomcat initialized with port(s): 8082 (http)
20:57:17:825  INFO 16084 --- [main] o.apache.catalina.core.StandardService   : Starting service [Tomcat]
20:57:17:825  INFO 16084 --- [main] org.apache.catalina.core.StandardEngine  : Starting Servlet engine: [Apache Tomcat/9.0.75]
20:57:17:998  INFO 16084 --- [main] o.a.c.c.C.[Tomcat].[localhost].[/]       : Initializing Spring embedded WebApplicationContext
20:57:17:998  INFO 16084 --- [main] w.s.c.ServletWebServerApplicationContext : Root WebApplicationContext: initialization completed in 1722 ms
20:57:18:158  INFO 16084 --- [main] o.s.c.openfeign.FeignClientFactoryBean   : For 'item-service' URL not provided. Will try picking an instance via load-balancing.
20:57:19:206  INFO 16084 --- [main] pertySourcedRequestMappingHandlerMapping : Mapped URL path [/v2/api-docs] onto method [springfox.documentation.swagger2.web.Swagger2ControllerWebMvc#getDocumentation(String, HttpServletRequest)]
20:57:19:664  INFO 16084 --- [main] com.alibaba.nacos.common.remote.client   : [RpcClientFactory] create a new rpc client of 5db6b268-0e55-4b1c-ad58-445174581eb7
20:57:19:703  INFO 16084 --- [main] org.reflections.Reflections              : Reflections took 23 ms to scan 1 urls, producing 3 keys and 6 values 
20:57:19:727  INFO 16084 --- [main] org.reflections.Reflections              : Reflections took 7 ms to scan 1 urls, producing 4 keys and 9 values 
20:57:19:736  INFO 16084 --- [main] org.reflections.Reflections              : Reflections took 6 ms to scan 1 urls, producing 3 keys and 10 values 
20:57:19:740  WARN 16084 --- [main] org.reflections.Reflections              : given scan urls are empty. set urls in the configuration
20:57:19:746  INFO 16084 --- [main] org.reflections.Reflections              : Reflections took 5 ms to scan 1 urls, producing 1 keys and 5 values 
20:57:19:754  INFO 16084 --- [main] org.reflections.Reflections              : Reflections took 6 ms to scan 1 urls, producing 1 keys and 7 values 
20:57:19:764  INFO 16084 --- [main] org.reflections.Reflections              : Reflections took 8 ms to scan 1 urls, producing 2 keys and 8 values 
20:57:19:767  WARN 16084 --- [main] org.reflections.Reflections              : given scan urls are empty. set urls in the configuration
20:57:19:768  INFO 16084 --- [main] com.alibaba.nacos.common.remote.client   : [5db6b268-0e55-4b1c-ad58-445174581eb7] RpcClient init label, labels = {module=naming, source=sdk}
20:57:19:769  INFO 16084 --- [main] com.alibaba.nacos.common.remote.client   : [5db6b268-0e55-4b1c-ad58-445174581eb7] RpcClient init, ServerListFactory = com.alibaba.nacos.client.naming.core.ServerListManager
20:57:19:770  INFO 16084 --- [main] com.alibaba.nacos.common.remote.client   : [5db6b268-0e55-4b1c-ad58-445174581eb7] Registry connection listener to current client:com.alibaba.nacos.client.naming.remote.gprc.redo.NamingGrpcRedoService
20:57:19:770  INFO 16084 --- [main] com.alibaba.nacos.common.remote.client   : [5db6b268-0e55-4b1c-ad58-445174581eb7] Register server push request handler:com.alibaba.nacos.client.naming.remote.gprc.NamingPushRequestHandler
20:57:19:772  INFO 16084 --- [main] com.alibaba.nacos.common.remote.client   : [5db6b268-0e55-4b1c-ad58-445174581eb7] Try to connect to server on start up, server: {serverIp = '192.168.75.134', server main port = 8848}
20:57:20:804  INFO 16084 --- [main] com.alibaba.nacos.common.remote.client   : [5db6b268-0e55-4b1c-ad58-445174581eb7] Success to connect to server [192.168.75.134:8848] on start up, connectionId = 1724688028559_192.168.75.1_13904
20:57:20:805  INFO 16084 --- [com.alibaba.nacos.client.remote.worker] com.alibaba.nacos.common.remote.client   : [5db6b268-0e55-4b1c-ad58-445174581eb7] Notify connected event to listeners.
20:57:20:805  INFO 16084 --- [main] com.alibaba.nacos.common.remote.client   : [5db6b268-0e55-4b1c-ad58-445174581eb7] Register server push request handler:com.alibaba.nacos.common.remote.client.RpcClient$ConnectResetRequestHandler
20:57:20:805  INFO 16084 --- [main] com.alibaba.nacos.common.remote.client   : [5db6b268-0e55-4b1c-ad58-445174581eb7] Register server push request handler:com.alibaba.nacos.common.remote.client.RpcClient$$Lambda$1003/0x00000233816fa438
20:57:20:849  INFO 16084 --- [main] o.s.b.w.embedded.tomcat.TomcatWebServer  : Tomcat started on port(s): 8082 (http) with context path ''
20:57:20:857  INFO 16084 --- [main] c.a.c.n.registry.NacosServiceRegistry    : nacos registry, DEFAULT_GROUP cart-service 113.55.120.213:8082 register finished
20:57:21:128  INFO 16084 --- [main] d.s.w.p.DocumentationPluginsBootstrapper : Documentation plugins bootstrapped
20:57:21:131  INFO 16084 --- [main] d.s.w.p.DocumentationPluginsBootstrapper : Found 1 custom documentation plugin(s)
20:57:21:151  INFO 16084 --- [main] s.d.s.w.s.ApiListingReferenceScanner     : Scanning for api listing references
20:57:21:216  INFO 16084 --- [main] com.hmall.cart.CartApplication           : Started CartApplication in 5.832 seconds (JVM running for 6.577)
20:57:21:328  INFO 16084 --- [nacos-grpc-client-executor-9] com.alibaba.nacos.common.remote.client   : [5db6b268-0e55-4b1c-ad58-445174581eb7] Receive server push request, request = NotifySubscriberRequest, requestId = 27
20:57:21:331  INFO 16084 --- [nacos-grpc-client-executor-9] com.alibaba.nacos.common.remote.client   : [5db6b268-0e55-4b1c-ad58-445174581eb7] Ack server push request, request = NotifySubscriberRequest, requestId = 27
22:32:23:955  WARN 16084 --- [Thread-4] c.a.nacos.common.notify.NotifyCenter     : [NotifyCenter] Start destroying Publisher
22:32:23:955  WARN 16084 --- [Thread-7] c.a.n.common.http.HttpClientBeanHolder   : [HttpClientBeanHolder] Start destroying common HttpClient
22:32:23:956  WARN 16084 --- [Thread-4] c.a.nacos.common.notify.NotifyCenter     : [NotifyCenter] Destruction of the end
22:32:23:956  WARN 16084 --- [Thread-7] c.a.n.common.http.HttpClientBeanHolder   : [HttpClientBeanHolder] Destruction of the end
22:32:23:978  INFO 16084 --- [SpringApplicationShutdownHook] c.a.c.n.registry.NacosServiceRegistry    : De-registering from Nacos Server now...
22:32:23:979  INFO 16084 --- [SpringApplicationShutdownHook] c.a.c.n.registry.NacosServiceRegistry    : De-registration finished.
22:32:24:304  INFO 16084 --- [SpringApplicationShutdownHook] com.alibaba.nacos.common.remote.client   : Shutdown rpc client, set status to shutdown
22:32:24:304  INFO 16084 --- [SpringApplicationShutdownHook] com.alibaba.nacos.common.remote.client   : Shutdown client event executor java.util.concurrent.ScheduledThreadPoolExecutor@5c9b6999[Running, pool size = 2, active threads = 2, queued tasks = 0, completed tasks = 0]
22:32:24:304  INFO 16084 --- [SpringApplicationShutdownHook] com.alibaba.nacos.common.remote.client   : Close current connection 1724688028559_192.168.75.1_13904
22:32:24:305  INFO 16084 --- [nacos-grpc-client-executor-1159] c.a.n.c.remote.client.grpc.GrpcClient    : [1724688028559_192.168.75.1_13904]Ignore complete event,isRunning:false,isAbandon=false
22:32:24:306  INFO 16084 --- [SpringApplicationShutdownHook] c.a.n.c.remote.client.grpc.GrpcClient    : Shutdown grpc executor java.util.concurrent.ThreadPoolExecutor@21b763e7[Running, pool size = 6, active threads = 0, queued tasks = 0, completed tasks = 1160]
22:32:43:727  INFO 17352 --- [main] com.hmall.cart.CartApplication           : Starting CartApplication using Java 17.0.10 on DESKTOP-NIN58E8 with PID 17352 (D:\WorkSpace\微服务\hmall\cart-service\target\classes started by violet in D:\WorkSpace\微服务\hmall)
22:32:43:730 DEBUG 17352 --- [main] com.hmall.cart.CartApplication           : Running with Spring Boot v2.7.12, Spring v5.3.27
22:32:43:731  INFO 17352 --- [main] com.hmall.cart.CartApplication           : The following 1 profile is active: "local"
22:32:44:949  INFO 17352 --- [main] o.s.cloud.context.scope.GenericScope     : BeanFactory id=5704d1c7-c8a3-35b4-ad9f-94437c7cdedd
22:32:45:333  INFO 17352 --- [main] o.s.b.w.embedded.tomcat.TomcatWebServer  : Tomcat initialized with port(s): 8082 (http)
22:32:45:343  INFO 17352 --- [main] o.apache.catalina.core.StandardService   : Starting service [Tomcat]
22:32:45:343  INFO 17352 --- [main] org.apache.catalina.core.StandardEngine  : Starting Servlet engine: [Apache Tomcat/9.0.75]
22:32:45:559  INFO 17352 --- [main] o.a.c.c.C.[Tomcat].[localhost].[/]       : Initializing Spring embedded WebApplicationContext
22:32:45:559  INFO 17352 --- [main] w.s.c.ServletWebServerApplicationContext : Root WebApplicationContext: initialization completed in 1777 ms
22:32:45:778  INFO 17352 --- [main] o.s.c.openfeign.FeignClientFactoryBean   : For 'item-service' URL not provided. Will try picking an instance via load-balancing.
22:32:47:025  INFO 17352 --- [main] pertySourcedRequestMappingHandlerMapping : Mapped URL path [/v2/api-docs] onto method [springfox.documentation.swagger2.web.Swagger2ControllerWebMvc#getDocumentation(String, HttpServletRequest)]
22:32:47:550  INFO 17352 --- [main] com.alibaba.nacos.common.remote.client   : [RpcClientFactory] create a new rpc client of 4af5b7f5-e37a-411f-b0b9-f196d13de963
22:32:47:597  INFO 17352 --- [main] org.reflections.Reflections              : Reflections took 27 ms to scan 1 urls, producing 3 keys and 6 values 
22:32:47:626  INFO 17352 --- [main] org.reflections.Reflections              : Reflections took 9 ms to scan 1 urls, producing 4 keys and 9 values 
22:32:47:636  INFO 17352 --- [main] org.reflections.Reflections              : Reflections took 6 ms to scan 1 urls, producing 3 keys and 10 values 
22:32:47:640  WARN 17352 --- [main] org.reflections.Reflections              : given scan urls are empty. set urls in the configuration
22:32:47:648  INFO 17352 --- [main] org.reflections.Reflections              : Reflections took 7 ms to scan 1 urls, producing 1 keys and 5 values 
22:32:47:658  INFO 17352 --- [main] org.reflections.Reflections              : Reflections took 7 ms to scan 1 urls, producing 1 keys and 7 values 
22:32:47:669  INFO 17352 --- [main] org.reflections.Reflections              : Reflections took 8 ms to scan 1 urls, producing 2 keys and 8 values 
22:32:47:672  WARN 17352 --- [main] org.reflections.Reflections              : given scan urls are empty. set urls in the configuration
22:32:47:673  INFO 17352 --- [main] com.alibaba.nacos.common.remote.client   : [4af5b7f5-e37a-411f-b0b9-f196d13de963] RpcClient init label, labels = {module=naming, source=sdk}
22:32:47:676  INFO 17352 --- [main] com.alibaba.nacos.common.remote.client   : [4af5b7f5-e37a-411f-b0b9-f196d13de963] RpcClient init, ServerListFactory = com.alibaba.nacos.client.naming.core.ServerListManager
22:32:47:676  INFO 17352 --- [main] com.alibaba.nacos.common.remote.client   : [4af5b7f5-e37a-411f-b0b9-f196d13de963] Registry connection listener to current client:com.alibaba.nacos.client.naming.remote.gprc.redo.NamingGrpcRedoService
22:32:47:677  INFO 17352 --- [main] com.alibaba.nacos.common.remote.client   : [4af5b7f5-e37a-411f-b0b9-f196d13de963] Register server push request handler:com.alibaba.nacos.client.naming.remote.gprc.NamingPushRequestHandler
22:32:47:680  INFO 17352 --- [main] com.alibaba.nacos.common.remote.client   : [4af5b7f5-e37a-411f-b0b9-f196d13de963] Try to connect to server on start up, server: {serverIp = '192.168.75.134', server main port = 8848}
22:32:48:919  INFO 17352 --- [main] com.alibaba.nacos.common.remote.client   : [4af5b7f5-e37a-411f-b0b9-f196d13de963] Success to connect to server [192.168.75.134:8848] on start up, connectionId = 1724694234071_192.168.75.1_14677
22:32:48:920  INFO 17352 --- [com.alibaba.nacos.client.remote.worker] com.alibaba.nacos.common.remote.client   : [4af5b7f5-e37a-411f-b0b9-f196d13de963] Notify connected event to listeners.
22:32:48:921  INFO 17352 --- [main] com.alibaba.nacos.common.remote.client   : [4af5b7f5-e37a-411f-b0b9-f196d13de963] Register server push request handler:com.alibaba.nacos.common.remote.client.RpcClient$ConnectResetRequestHandler
22:32:48:921  INFO 17352 --- [main] com.alibaba.nacos.common.remote.client   : [4af5b7f5-e37a-411f-b0b9-f196d13de963] Register server push request handler:com.alibaba.nacos.common.remote.client.RpcClient$$Lambda$1003/0x00000210896f9cf8
22:32:48:977  INFO 17352 --- [main] o.s.b.w.embedded.tomcat.TomcatWebServer  : Tomcat started on port(s): 8082 (http) with context path ''
22:32:48:986  INFO 17352 --- [main] c.a.c.n.registry.NacosServiceRegistry    : nacos registry, DEFAULT_GROUP cart-service 113.55.120.213:8082 register finished
22:32:49:312  INFO 17352 --- [main] d.s.w.p.DocumentationPluginsBootstrapper : Documentation plugins bootstrapped
22:32:49:315  INFO 17352 --- [main] d.s.w.p.DocumentationPluginsBootstrapper : Found 1 custom documentation plugin(s)
22:32:49:336  INFO 17352 --- [main] s.d.s.w.s.ApiListingReferenceScanner     : Scanning for api listing references
22:32:49:406  INFO 17352 --- [main] com.hmall.cart.CartApplication           : Started CartApplication in 6.603 seconds (JVM running for 7.564)
22:32:49:419  INFO 17352 --- [nacos-grpc-client-executor-9] com.alibaba.nacos.common.remote.client   : [4af5b7f5-e37a-411f-b0b9-f196d13de963] Receive server push request, request = NotifySubscriberRequest, requestId = 43
22:32:49:422  INFO 17352 --- [nacos-grpc-client-executor-9] com.alibaba.nacos.common.remote.client   : [4af5b7f5-e37a-411f-b0b9-f196d13de963] Ack server push request, request = NotifySubscriberRequest, requestId = 43
22:33:11:513  WARN 17352 --- [Thread-7] c.a.n.common.http.HttpClientBeanHolder   : [HttpClientBeanHolder] Start destroying common HttpClient
22:33:11:513  WARN 17352 --- [Thread-4] c.a.nacos.common.notify.NotifyCenter     : [NotifyCenter] Start destroying Publisher
22:33:11:514  WARN 17352 --- [Thread-4] c.a.nacos.common.notify.NotifyCenter     : [NotifyCenter] Destruction of the end
22:33:11:514  WARN 17352 --- [Thread-7] c.a.n.common.http.HttpClientBeanHolder   : [HttpClientBeanHolder] Destruction of the end
22:33:11:540  INFO 17352 --- [SpringApplicationShutdownHook] c.a.c.n.registry.NacosServiceRegistry    : De-registering from Nacos Server now...
22:33:11:543  INFO 17352 --- [SpringApplicationShutdownHook] c.a.c.n.registry.NacosServiceRegistry    : De-registration finished.
22:33:11:864  INFO 17352 --- [SpringApplicationShutdownHook] com.alibaba.nacos.common.remote.client   : Shutdown rpc client, set status to shutdown
22:33:11:864  INFO 17352 --- [SpringApplicationShutdownHook] com.alibaba.nacos.common.remote.client   : Shutdown client event executor java.util.concurrent.ScheduledThreadPoolExecutor@42b5cd3[Running, pool size = 2, active threads = 2, queued tasks = 0, completed tasks = 0]
22:33:11:865  INFO 17352 --- [SpringApplicationShutdownHook] com.alibaba.nacos.common.remote.client   : Close current connection 1724694234071_192.168.75.1_14677
22:33:11:866  INFO 17352 --- [nacos-grpc-client-executor-17] c.a.n.c.remote.client.grpc.GrpcClient    : [1724694234071_192.168.75.1_14677]Ignore complete event,isRunning:false,isAbandon=false
22:33:11:873  INFO 17352 --- [SpringApplicationShutdownHook] c.a.n.c.remote.client.grpc.GrpcClient    : Shutdown grpc executor java.util.concurrent.ThreadPoolExecutor@7646c464[Running, pool size = 6, active threads = 0, queued tasks = 0, completed tasks = 18]
