15:56:18:598  INFO 16264 --- [main] com.hmall.trade.TradeApplication         : Starting TradeApplication using Java 17.0.10 on DESKTOP-NIN58E8 with PID 16264 (D:\WorkSpace\微服务\hmall\trade-service\target\classes started by violet in D:\WorkSpace\微服务\hmall)
15:56:18:600 DEBUG 16264 --- [main] com.hmall.trade.TradeApplication         : Running with Spring Boot v2.7.12, Spring v5.3.27
15:56:18:601  INFO 16264 --- [main] com.hmall.trade.TradeApplication         : The following 1 profile is active: "local"
15:56:19:517  INFO 16264 --- [main] o.s.cloud.context.scope.GenericScope     : BeanFactory id=7883d704-ff32-3aac-aba7-c23bd4b47995
15:56:19:857  INFO 16264 --- [main] o.s.b.w.embedded.tomcat.TomcatWebServer  : Tomcat initialized with port(s): 8085 (http)
15:56:19:866  INFO 16264 --- [main] o.apache.catalina.core.StandardService   : Starting service [Tomcat]
15:56:19:867  INFO 16264 --- [main] org.apache.catalina.core.StandardEngine  : Starting Servlet engine: [Apache Tomcat/9.0.75]
15:56:20:033  INFO 16264 --- [main] o.a.c.c.C.[Tomcat].[localhost].[/]       : Initializing Spring embedded WebApplicationContext
15:56:20:033  INFO 16264 --- [main] w.s.c.ServletWebServerApplicationContext : Root WebApplicationContext: initialization completed in 1392 ms
15:56:20:200  INFO 16264 --- [main] o.s.c.openfeign.FeignClientFactoryBean   : For 'item-service' URL not provided. Will try picking an instance via load-balancing.
15:56:20:517  INFO 16264 --- [main] o.s.c.openfeign.FeignClientFactoryBean   : For 'cart-service' URL not provided. Will try picking an instance via load-balancing.
15:56:21:136  INFO 16264 --- [main] pertySourcedRequestMappingHandlerMapping : Mapped URL path [/v2/api-docs] onto method [springfox.documentation.swagger2.web.Swagger2ControllerWebMvc#getDocumentation(String, HttpServletRequest)]
15:56:21:620  INFO 16264 --- [main] com.alibaba.nacos.common.remote.client   : [RpcClientFactory] create a new rpc client of 8c6df211-3177-42e9-adc7-6ef0b83e2e27
15:56:21:659  INFO 16264 --- [main] org.reflections.Reflections              : Reflections took 21 ms to scan 1 urls, producing 3 keys and 6 values 
15:56:21:683  INFO 16264 --- [main] org.reflections.Reflections              : Reflections took 7 ms to scan 1 urls, producing 4 keys and 9 values 
15:56:21:692  INFO 16264 --- [main] org.reflections.Reflections              : Reflections took 5 ms to scan 1 urls, producing 3 keys and 10 values 
15:56:21:695  WARN 16264 --- [main] org.reflections.Reflections              : given scan urls are empty. set urls in the configuration
15:56:21:702  INFO 16264 --- [main] org.reflections.Reflections              : Reflections took 6 ms to scan 1 urls, producing 1 keys and 5 values 
15:56:21:710  INFO 16264 --- [main] org.reflections.Reflections              : Reflections took 6 ms to scan 1 urls, producing 1 keys and 7 values 
15:56:21:718  INFO 16264 --- [main] org.reflections.Reflections              : Reflections took 4 ms to scan 1 urls, producing 2 keys and 8 values 
15:56:21:721  WARN 16264 --- [main] org.reflections.Reflections              : given scan urls are empty. set urls in the configuration
15:56:21:722  INFO 16264 --- [main] com.alibaba.nacos.common.remote.client   : [8c6df211-3177-42e9-adc7-6ef0b83e2e27] RpcClient init label, labels = {module=naming, source=sdk}
15:56:21:724  INFO 16264 --- [main] com.alibaba.nacos.common.remote.client   : [8c6df211-3177-42e9-adc7-6ef0b83e2e27] RpcClient init, ServerListFactory = com.alibaba.nacos.client.naming.core.ServerListManager
15:56:21:724  INFO 16264 --- [main] com.alibaba.nacos.common.remote.client   : [8c6df211-3177-42e9-adc7-6ef0b83e2e27] Registry connection listener to current client:com.alibaba.nacos.client.naming.remote.gprc.redo.NamingGrpcRedoService
15:56:21:725  INFO 16264 --- [main] com.alibaba.nacos.common.remote.client   : [8c6df211-3177-42e9-adc7-6ef0b83e2e27] Register server push request handler:com.alibaba.nacos.client.naming.remote.gprc.NamingPushRequestHandler
15:56:21:726  INFO 16264 --- [main] com.alibaba.nacos.common.remote.client   : [8c6df211-3177-42e9-adc7-6ef0b83e2e27] Try to connect to server on start up, server: {serverIp = '192.168.75.134', server main port = 8848}
15:56:22:795  INFO 16264 --- [main] com.alibaba.nacos.common.remote.client   : [8c6df211-3177-42e9-adc7-6ef0b83e2e27] Success to connect to server [192.168.75.134:8848] on start up, connectionId = 1724683134277_192.168.75.1_1700
15:56:22:796  INFO 16264 --- [com.alibaba.nacos.client.remote.worker] com.alibaba.nacos.common.remote.client   : [8c6df211-3177-42e9-adc7-6ef0b83e2e27] Notify connected event to listeners.
15:56:22:796  INFO 16264 --- [main] com.alibaba.nacos.common.remote.client   : [8c6df211-3177-42e9-adc7-6ef0b83e2e27] Register server push request handler:com.alibaba.nacos.common.remote.client.RpcClient$ConnectResetRequestHandler
15:56:22:796  INFO 16264 --- [main] com.alibaba.nacos.common.remote.client   : [8c6df211-3177-42e9-adc7-6ef0b83e2e27] Register server push request handler:com.alibaba.nacos.common.remote.client.RpcClient$$Lambda$988/0x000001592469e208
15:56:22:847  INFO 16264 --- [main] o.s.b.w.embedded.tomcat.TomcatWebServer  : Tomcat started on port(s): 8085 (http) with context path ''
15:56:22:854  INFO 16264 --- [main] c.a.c.n.registry.NacosServiceRegistry    : nacos registry, DEFAULT_GROUP trade-service 113.55.120.213:8085 register finished
15:56:23:106  INFO 16264 --- [main] d.s.w.p.DocumentationPluginsBootstrapper : Documentation plugins bootstrapped
15:56:23:108  INFO 16264 --- [main] d.s.w.p.DocumentationPluginsBootstrapper : Found 1 custom documentation plugin(s)
15:56:23:126  INFO 16264 --- [main] s.d.s.w.s.ApiListingReferenceScanner     : Scanning for api listing references
15:56:23:187  INFO 16264 --- [main] com.hmall.trade.TradeApplication         : Started TradeApplication in 5.292 seconds (JVM running for 6.025)
15:56:23:301  INFO 16264 --- [nacos-grpc-client-executor-9] com.alibaba.nacos.common.remote.client   : [8c6df211-3177-42e9-adc7-6ef0b83e2e27] Receive server push request, request = NotifySubscriberRequest, requestId = 14
15:56:23:304  INFO 16264 --- [nacos-grpc-client-executor-9] com.alibaba.nacos.common.remote.client   : [8c6df211-3177-42e9-adc7-6ef0b83e2e27] Ack server push request, request = NotifySubscriberRequest, requestId = 14
15:57:37:954  INFO 16264 --- [http-nio-8085-exec-1] o.a.c.c.C.[Tomcat].[localhost].[/]       : Initializing Spring DispatcherServlet 'dispatcherServlet'
15:57:37:954  INFO 16264 --- [http-nio-8085-exec-1] o.s.web.servlet.DispatcherServlet        : Initializing Servlet 'dispatcherServlet'
15:57:37:955  INFO 16264 --- [http-nio-8085-exec-1] o.s.web.servlet.DispatcherServlet        : Completed initialization in 1 ms
15:57:58:469  INFO 16264 --- [http-nio-8085-exec-10] com.zaxxer.hikari.HikariDataSource       : HikariPool-1 - Starting...
15:57:58:704  INFO 16264 --- [http-nio-8085-exec-10] com.zaxxer.hikari.HikariDataSource       : HikariPool-1 - Start completed.
15:57:58:710 DEBUG 16264 --- [http-nio-8085-exec-10] c.h.trade.mapper.OrderMapper.selectById  : ==>  Preparing: SELECT id,total_fee,payment_type,user_id,status,create_time,pay_time,consign_time,end_time,close_time,comment_time,update_time FROM `order` WHERE id=?
15:57:58:727 DEBUG 16264 --- [http-nio-8085-exec-10] c.h.trade.mapper.OrderMapper.selectById  : ==> Parameters: 1654779387523936258(Long)
15:57:58:748 DEBUG 16264 --- [http-nio-8085-exec-10] c.h.trade.mapper.OrderMapper.selectById  : <==      Total: 1
16:52:51:408  WARN 16264 --- [Thread-4] c.a.nacos.common.notify.NotifyCenter     : [NotifyCenter] Start destroying Publisher
16:52:51:408  WARN 16264 --- [Thread-7] c.a.n.common.http.HttpClientBeanHolder   : [HttpClientBeanHolder] Start destroying common HttpClient
16:52:51:409  WARN 16264 --- [Thread-4] c.a.nacos.common.notify.NotifyCenter     : [NotifyCenter] Destruction of the end
16:52:51:409  WARN 16264 --- [Thread-7] c.a.n.common.http.HttpClientBeanHolder   : [HttpClientBeanHolder] Destruction of the end
16:52:51:434  INFO 16264 --- [SpringApplicationShutdownHook] c.a.c.n.registry.NacosServiceRegistry    : De-registering from Nacos Server now...
16:52:51:436  INFO 16264 --- [SpringApplicationShutdownHook] c.a.c.n.registry.NacosServiceRegistry    : De-registration finished.
16:52:51:759  INFO 16264 --- [SpringApplicationShutdownHook] com.alibaba.nacos.common.remote.client   : Shutdown rpc client, set status to shutdown
16:52:51:759  INFO 16264 --- [SpringApplicationShutdownHook] com.alibaba.nacos.common.remote.client   : Shutdown client event executor java.util.concurrent.ScheduledThreadPoolExecutor@51ddab6c[Running, pool size = 2, active threads = 2, queued tasks = 0, completed tasks = 0]
16:52:51:759  INFO 16264 --- [SpringApplicationShutdownHook] com.alibaba.nacos.common.remote.client   : Close current connection 1724683134277_192.168.75.1_1700
16:52:51:760  INFO 16264 --- [nacos-grpc-client-executor-703] c.a.n.c.remote.client.grpc.GrpcClient    : [1724683134277_192.168.75.1_1700]Ignore complete event,isRunning:false,isAbandon=false
16:52:51:763  INFO 16264 --- [SpringApplicationShutdownHook] c.a.n.c.remote.client.grpc.GrpcClient    : Shutdown grpc executor java.util.concurrent.ThreadPoolExecutor@4264c937[Running, pool size = 5, active threads = 0, queued tasks = 0, completed tasks = 704]
16:52:51:766  INFO 16264 --- [SpringApplicationShutdownHook] com.zaxxer.hikari.HikariDataSource       : HikariPool-1 - Shutdown initiated...
16:52:51:770  INFO 16264 --- [SpringApplicationShutdownHook] com.zaxxer.hikari.HikariDataSource       : HikariPool-1 - Shutdown completed.
20:57:07:357  INFO 10808 --- [main] com.hmall.trade.TradeApplication         : Starting TradeApplication using Java 17.0.10 on DESKTOP-NIN58E8 with PID 10808 (D:\WorkSpace\微服务\hmall\trade-service\target\classes started by violet in D:\WorkSpace\微服务\hmall)
20:57:07:360 DEBUG 10808 --- [main] com.hmall.trade.TradeApplication         : Running with Spring Boot v2.7.12, Spring v5.3.27
20:57:07:360  INFO 10808 --- [main] com.hmall.trade.TradeApplication         : The following 1 profile is active: "local"
20:57:08:578  INFO 10808 --- [main] o.s.cloud.context.scope.GenericScope     : BeanFactory id=014f9f20-9226-3cf8-9847-c7dc79b9bfae
20:57:09:038  INFO 10808 --- [main] o.s.b.w.embedded.tomcat.TomcatWebServer  : Tomcat initialized with port(s): 8085 (http)
20:57:09:053  INFO 10808 --- [main] o.apache.catalina.core.StandardService   : Starting service [Tomcat]
20:57:09:054  INFO 10808 --- [main] org.apache.catalina.core.StandardEngine  : Starting Servlet engine: [Apache Tomcat/9.0.75]
20:57:09:257  INFO 10808 --- [main] o.a.c.c.C.[Tomcat].[localhost].[/]       : Initializing Spring embedded WebApplicationContext
20:57:09:258  INFO 10808 --- [main] w.s.c.ServletWebServerApplicationContext : Root WebApplicationContext: initialization completed in 1849 ms
20:57:09:478  INFO 10808 --- [main] o.s.c.openfeign.FeignClientFactoryBean   : For 'item-service' URL not provided. Will try picking an instance via load-balancing.
20:57:09:906  INFO 10808 --- [main] o.s.c.openfeign.FeignClientFactoryBean   : For 'cart-service' URL not provided. Will try picking an instance via load-balancing.
20:57:10:831  INFO 10808 --- [main] pertySourcedRequestMappingHandlerMapping : Mapped URL path [/v2/api-docs] onto method [springfox.documentation.swagger2.web.Swagger2ControllerWebMvc#getDocumentation(String, HttpServletRequest)]
20:57:11:438  INFO 10808 --- [main] com.alibaba.nacos.common.remote.client   : [RpcClientFactory] create a new rpc client of 04b915e2-872e-4ac1-a767-ffb79dfdc77a
20:57:11:488  INFO 10808 --- [main] org.reflections.Reflections              : Reflections took 25 ms to scan 1 urls, producing 3 keys and 6 values 
20:57:11:525  INFO 10808 --- [main] org.reflections.Reflections              : Reflections took 12 ms to scan 1 urls, producing 4 keys and 9 values 
20:57:11:534  INFO 10808 --- [main] org.reflections.Reflections              : Reflections took 5 ms to scan 1 urls, producing 3 keys and 10 values 
20:57:11:539  WARN 10808 --- [main] org.reflections.Reflections              : given scan urls are empty. set urls in the configuration
20:57:11:546  INFO 10808 --- [main] org.reflections.Reflections              : Reflections took 5 ms to scan 1 urls, producing 1 keys and 5 values 
20:57:11:558  INFO 10808 --- [main] org.reflections.Reflections              : Reflections took 9 ms to scan 1 urls, producing 1 keys and 7 values 
20:57:11:571  INFO 10808 --- [main] org.reflections.Reflections              : Reflections took 7 ms to scan 1 urls, producing 2 keys and 8 values 
20:57:11:574  WARN 10808 --- [main] org.reflections.Reflections              : given scan urls are empty. set urls in the configuration
20:57:11:576  INFO 10808 --- [main] com.alibaba.nacos.common.remote.client   : [04b915e2-872e-4ac1-a767-ffb79dfdc77a] RpcClient init label, labels = {module=naming, source=sdk}
20:57:11:578  INFO 10808 --- [main] com.alibaba.nacos.common.remote.client   : [04b915e2-872e-4ac1-a767-ffb79dfdc77a] RpcClient init, ServerListFactory = com.alibaba.nacos.client.naming.core.ServerListManager
20:57:11:578  INFO 10808 --- [main] com.alibaba.nacos.common.remote.client   : [04b915e2-872e-4ac1-a767-ffb79dfdc77a] Registry connection listener to current client:com.alibaba.nacos.client.naming.remote.gprc.redo.NamingGrpcRedoService
20:57:11:579  INFO 10808 --- [main] com.alibaba.nacos.common.remote.client   : [04b915e2-872e-4ac1-a767-ffb79dfdc77a] Register server push request handler:com.alibaba.nacos.client.naming.remote.gprc.NamingPushRequestHandler
20:57:11:582  INFO 10808 --- [main] com.alibaba.nacos.common.remote.client   : [04b915e2-872e-4ac1-a767-ffb79dfdc77a] Try to connect to server on start up, server: {serverIp = '192.168.75.134', server main port = 8848}
20:57:13:037  INFO 10808 --- [main] com.alibaba.nacos.common.remote.client   : [04b915e2-872e-4ac1-a767-ffb79dfdc77a] Success to connect to server [192.168.75.134:8848] on start up, connectionId = 1724688020103_192.168.75.1_13881
20:57:13:038  INFO 10808 --- [com.alibaba.nacos.client.remote.worker] com.alibaba.nacos.common.remote.client   : [04b915e2-872e-4ac1-a767-ffb79dfdc77a] Notify connected event to listeners.
20:57:13:039  INFO 10808 --- [main] com.alibaba.nacos.common.remote.client   : [04b915e2-872e-4ac1-a767-ffb79dfdc77a] Register server push request handler:com.alibaba.nacos.common.remote.client.RpcClient$ConnectResetRequestHandler
20:57:13:039  INFO 10808 --- [main] com.alibaba.nacos.common.remote.client   : [04b915e2-872e-4ac1-a767-ffb79dfdc77a] Register server push request handler:com.alibaba.nacos.common.remote.client.RpcClient$$Lambda$988/0x0000028c3c69dbf0
20:57:13:116  INFO 10808 --- [main] o.s.b.w.embedded.tomcat.TomcatWebServer  : Tomcat started on port(s): 8085 (http) with context path ''
20:57:13:129  INFO 10808 --- [main] c.a.c.n.registry.NacosServiceRegistry    : nacos registry, DEFAULT_GROUP trade-service 113.55.120.213:8085 register finished
20:57:13:486  INFO 10808 --- [main] d.s.w.p.DocumentationPluginsBootstrapper : Documentation plugins bootstrapped
20:57:13:488  INFO 10808 --- [main] d.s.w.p.DocumentationPluginsBootstrapper : Found 1 custom documentation plugin(s)
20:57:13:510  INFO 10808 --- [main] s.d.s.w.s.ApiListingReferenceScanner     : Scanning for api listing references
20:57:13:589  INFO 10808 --- [main] com.hmall.trade.TradeApplication         : Started TradeApplication in 7.046 seconds (JVM running for 7.792)
20:57:13:623  INFO 10808 --- [nacos-grpc-client-executor-9] com.alibaba.nacos.common.remote.client   : [04b915e2-872e-4ac1-a767-ffb79dfdc77a] Receive server push request, request = NotifySubscriberRequest, requestId = 24
20:57:13:625  INFO 10808 --- [nacos-grpc-client-executor-9] com.alibaba.nacos.common.remote.client   : [04b915e2-872e-4ac1-a767-ffb79dfdc77a] Ack server push request, request = NotifySubscriberRequest, requestId = 24
22:32:23:860  WARN 10808 --- [Thread-4] c.a.nacos.common.notify.NotifyCenter     : [NotifyCenter] Start destroying Publisher
22:32:23:860  WARN 10808 --- [Thread-7] c.a.n.common.http.HttpClientBeanHolder   : [HttpClientBeanHolder] Start destroying common HttpClient
22:32:23:861  WARN 10808 --- [Thread-4] c.a.nacos.common.notify.NotifyCenter     : [NotifyCenter] Destruction of the end
22:32:23:861  WARN 10808 --- [Thread-7] c.a.n.common.http.HttpClientBeanHolder   : [HttpClientBeanHolder] Destruction of the end
22:32:23:886  INFO 10808 --- [SpringApplicationShutdownHook] c.a.c.n.registry.NacosServiceRegistry    : De-registering from Nacos Server now...
22:32:23:887  INFO 10808 --- [SpringApplicationShutdownHook] c.a.c.n.registry.NacosServiceRegistry    : De-registration finished.
22:32:24:212  INFO 10808 --- [SpringApplicationShutdownHook] com.alibaba.nacos.common.remote.client   : Shutdown rpc client, set status to shutdown
22:32:24:212  INFO 10808 --- [SpringApplicationShutdownHook] com.alibaba.nacos.common.remote.client   : Shutdown client event executor java.util.concurrent.ScheduledThreadPoolExecutor@7f87b0e3[Running, pool size = 2, active threads = 2, queued tasks = 0, completed tasks = 0]
22:32:24:212  INFO 10808 --- [SpringApplicationShutdownHook] com.alibaba.nacos.common.remote.client   : Close current connection 1724688020103_192.168.75.1_13881
22:32:24:213  INFO 10808 --- [nacos-grpc-client-executor-1175] c.a.n.c.remote.client.grpc.GrpcClient    : [1724688020103_192.168.75.1_13881]Ignore complete event,isRunning:false,isAbandon=false
22:32:24:217  INFO 10808 --- [SpringApplicationShutdownHook] c.a.n.c.remote.client.grpc.GrpcClient    : Shutdown grpc executor java.util.concurrent.ThreadPoolExecutor@2d32595b[Running, pool size = 5, active threads = 0, queued tasks = 0, completed tasks = 1176]
22:32:33:760  INFO 7936 --- [main] com.hmall.trade.TradeApplication         : Starting TradeApplication using Java 17.0.10 on DESKTOP-NIN58E8 with PID 7936 (D:\WorkSpace\微服务\hmall\trade-service\target\classes started by violet in D:\WorkSpace\微服务\hmall)
22:32:33:763 DEBUG 7936 --- [main] com.hmall.trade.TradeApplication         : Running with Spring Boot v2.7.12, Spring v5.3.27
22:32:33:764  INFO 7936 --- [main] com.hmall.trade.TradeApplication         : The following 1 profile is active: "local"
22:32:35:032  INFO 7936 --- [main] o.s.cloud.context.scope.GenericScope     : BeanFactory id=b0022fc8-18d9-359b-bbbc-76783c4b9e92
22:32:35:446  INFO 7936 --- [main] o.s.b.w.embedded.tomcat.TomcatWebServer  : Tomcat initialized with port(s): 8085 (http)
22:32:35:457  INFO 7936 --- [main] o.apache.catalina.core.StandardService   : Starting service [Tomcat]
22:32:35:457  INFO 7936 --- [main] org.apache.catalina.core.StandardEngine  : Starting Servlet engine: [Apache Tomcat/9.0.75]
22:32:35:662  INFO 7936 --- [main] o.a.c.c.C.[Tomcat].[localhost].[/]       : Initializing Spring embedded WebApplicationContext
22:32:35:663  INFO 7936 --- [main] w.s.c.ServletWebServerApplicationContext : Root WebApplicationContext: initialization completed in 1830 ms
22:32:35:896  INFO 7936 --- [main] o.s.c.openfeign.FeignClientFactoryBean   : For 'item-service' URL not provided. Will try picking an instance via load-balancing.
22:32:36:340  INFO 7936 --- [main] o.s.c.openfeign.FeignClientFactoryBean   : For 'cart-service' URL not provided. Will try picking an instance via load-balancing.
22:32:37:366  INFO 7936 --- [main] pertySourcedRequestMappingHandlerMapping : Mapped URL path [/v2/api-docs] onto method [springfox.documentation.swagger2.web.Swagger2ControllerWebMvc#getDocumentation(String, HttpServletRequest)]
22:32:38:009  INFO 7936 --- [main] com.alibaba.nacos.common.remote.client   : [RpcClientFactory] create a new rpc client of fc2c3256-b76f-448c-ab91-0fb227e1be1c
22:32:38:062  INFO 7936 --- [main] org.reflections.Reflections              : Reflections took 26 ms to scan 1 urls, producing 3 keys and 6 values 
22:32:38:098  INFO 7936 --- [main] org.reflections.Reflections              : Reflections took 10 ms to scan 1 urls, producing 4 keys and 9 values 
22:32:38:109  INFO 7936 --- [main] org.reflections.Reflections              : Reflections took 7 ms to scan 1 urls, producing 3 keys and 10 values 
22:32:38:113  WARN 7936 --- [main] org.reflections.Reflections              : given scan urls are empty. set urls in the configuration
22:32:38:121  INFO 7936 --- [main] org.reflections.Reflections              : Reflections took 7 ms to scan 1 urls, producing 1 keys and 5 values 
22:32:38:131  INFO 7936 --- [main] org.reflections.Reflections              : Reflections took 6 ms to scan 1 urls, producing 1 keys and 7 values 
22:32:38:140  INFO 7936 --- [main] org.reflections.Reflections              : Reflections took 6 ms to scan 1 urls, producing 2 keys and 8 values 
22:32:38:145  WARN 7936 --- [main] org.reflections.Reflections              : given scan urls are empty. set urls in the configuration
22:32:38:146  INFO 7936 --- [main] com.alibaba.nacos.common.remote.client   : [fc2c3256-b76f-448c-ab91-0fb227e1be1c] RpcClient init label, labels = {module=naming, source=sdk}
22:32:38:149  INFO 7936 --- [main] com.alibaba.nacos.common.remote.client   : [fc2c3256-b76f-448c-ab91-0fb227e1be1c] RpcClient init, ServerListFactory = com.alibaba.nacos.client.naming.core.ServerListManager
22:32:38:149  INFO 7936 --- [main] com.alibaba.nacos.common.remote.client   : [fc2c3256-b76f-448c-ab91-0fb227e1be1c] Registry connection listener to current client:com.alibaba.nacos.client.naming.remote.gprc.redo.NamingGrpcRedoService
22:32:38:151  INFO 7936 --- [main] com.alibaba.nacos.common.remote.client   : [fc2c3256-b76f-448c-ab91-0fb227e1be1c] Register server push request handler:com.alibaba.nacos.client.naming.remote.gprc.NamingPushRequestHandler
22:32:38:154  INFO 7936 --- [main] com.alibaba.nacos.common.remote.client   : [fc2c3256-b76f-448c-ab91-0fb227e1be1c] Try to connect to server on start up, server: {serverIp = '192.168.75.134', server main port = 8848}
22:32:39:757  INFO 7936 --- [main] com.alibaba.nacos.common.remote.client   : [fc2c3256-b76f-448c-ab91-0fb227e1be1c] Success to connect to server [192.168.75.134:8848] on start up, connectionId = 1724694224055_192.168.75.1_14578
22:32:39:759  INFO 7936 --- [com.alibaba.nacos.client.remote.worker] com.alibaba.nacos.common.remote.client   : [fc2c3256-b76f-448c-ab91-0fb227e1be1c] Notify connected event to listeners.
22:32:39:760  INFO 7936 --- [main] com.alibaba.nacos.common.remote.client   : [fc2c3256-b76f-448c-ab91-0fb227e1be1c] Register server push request handler:com.alibaba.nacos.common.remote.client.RpcClient$ConnectResetRequestHandler
22:32:39:760  INFO 7936 --- [main] com.alibaba.nacos.common.remote.client   : [fc2c3256-b76f-448c-ab91-0fb227e1be1c] Register server push request handler:com.alibaba.nacos.common.remote.client.RpcClient$$Lambda$988/0x0000025b8169f118
22:32:39:862  INFO 7936 --- [main] o.s.b.w.embedded.tomcat.TomcatWebServer  : Tomcat started on port(s): 8085 (http) with context path ''
22:32:39:875  INFO 7936 --- [main] c.a.c.n.registry.NacosServiceRegistry    : nacos registry, DEFAULT_GROUP trade-service 113.55.120.213:8085 register finished
22:32:40:243  INFO 7936 --- [main] d.s.w.p.DocumentationPluginsBootstrapper : Documentation plugins bootstrapped
22:32:40:245  INFO 7936 --- [main] d.s.w.p.DocumentationPluginsBootstrapper : Found 1 custom documentation plugin(s)
22:32:40:271  INFO 7936 --- [main] s.d.s.w.s.ApiListingReferenceScanner     : Scanning for api listing references
22:32:40:333  INFO 7936 --- [nacos-grpc-client-executor-9] com.alibaba.nacos.common.remote.client   : [fc2c3256-b76f-448c-ab91-0fb227e1be1c] Receive server push request, request = NotifySubscriberRequest, requestId = 40
22:32:40:337  INFO 7936 --- [nacos-grpc-client-executor-9] com.alibaba.nacos.common.remote.client   : [fc2c3256-b76f-448c-ab91-0fb227e1be1c] Ack server push request, request = NotifySubscriberRequest, requestId = 40
22:32:40:375  INFO 7936 --- [main] com.hmall.trade.TradeApplication         : Started TradeApplication in 7.45 seconds (JVM running for 8.255)
22:33:11:420  WARN 7936 --- [Thread-4] c.a.nacos.common.notify.NotifyCenter     : [NotifyCenter] Start destroying Publisher
22:33:11:420  WARN 7936 --- [Thread-7] c.a.n.common.http.HttpClientBeanHolder   : [HttpClientBeanHolder] Start destroying common HttpClient
22:33:11:421  WARN 7936 --- [Thread-4] c.a.nacos.common.notify.NotifyCenter     : [NotifyCenter] Destruction of the end
22:33:11:421  WARN 7936 --- [Thread-7] c.a.n.common.http.HttpClientBeanHolder   : [HttpClientBeanHolder] Destruction of the end
22:33:11:447  INFO 7936 --- [SpringApplicationShutdownHook] c.a.c.n.registry.NacosServiceRegistry    : De-registering from Nacos Server now...
22:33:11:450  INFO 7936 --- [SpringApplicationShutdownHook] c.a.c.n.registry.NacosServiceRegistry    : De-registration finished.
22:33:11:771  INFO 7936 --- [SpringApplicationShutdownHook] com.alibaba.nacos.common.remote.client   : Shutdown rpc client, set status to shutdown
22:33:11:771  INFO 7936 --- [SpringApplicationShutdownHook] com.alibaba.nacos.common.remote.client   : Shutdown client event executor java.util.concurrent.ScheduledThreadPoolExecutor@61f90dc6[Running, pool size = 2, active threads = 2, queued tasks = 0, completed tasks = 0]
22:33:11:771  INFO 7936 --- [SpringApplicationShutdownHook] com.alibaba.nacos.common.remote.client   : Close current connection 1724694224055_192.168.75.1_14578
22:33:11:772  INFO 7936 --- [nacos-grpc-client-executor-19] c.a.n.c.remote.client.grpc.GrpcClient    : [1724694224055_192.168.75.1_14578]Ignore complete event,isRunning:false,isAbandon=false
22:33:11:775  INFO 7936 --- [SpringApplicationShutdownHook] c.a.n.c.remote.client.grpc.GrpcClient    : Shutdown grpc executor java.util.concurrent.ThreadPoolExecutor@42d30c32[Running, pool size = 5, active threads = 0, queued tasks = 0, completed tasks = 20]
