14:54:36:224  INFO 1404 --- [main] com.hmall.item.ItemApplication           : Starting ItemApplication using Java 17.0.10 on DESKTOP-NIN58E8 with PID 1404 (D:\WorkSpace\微服务\hmall\item-service\target\classes started by violet in D:\WorkSpace\微服务\hmall)
14:54:36:230 DEBUG 1404 --- [main] com.hmall.item.ItemApplication           : Running with Spring Boot v2.7.12, Spring v5.3.27
14:54:36:230  INFO 1404 --- [main] com.hmall.item.ItemApplication           : The following 1 profile is active: "local"
14:54:37:295  INFO 1404 --- [main] o.s.cloud.context.scope.GenericScope     : BeanFactory id=139afd3b-c67d-306d-98bb-39c936d0f819
14:54:37:679  INFO 1404 --- [main] o.s.b.w.embedded.tomcat.TomcatWebServer  : Tomcat initialized with port(s): 8083 (http)
14:54:37:692  INFO 1404 --- [main] o.apache.catalina.core.StandardService   : Starting service [Tomcat]
14:54:37:693  INFO 1404 --- [main] org.apache.catalina.core.StandardEngine  : Starting Servlet engine: [Apache Tomcat/9.0.75]
14:54:37:891  INFO 1404 --- [main] o.a.c.c.C.[Tomcat].[localhost].[/]       : Initializing Spring embedded WebApplicationContext
14:54:37:892  INFO 1404 --- [main] w.s.c.ServletWebServerApplicationContext : Root WebApplicationContext: initialization completed in 1615 ms
14:54:39:082  INFO 1404 --- [main] pertySourcedRequestMappingHandlerMapping : Mapped URL path [/v2/api-docs] onto method [springfox.documentation.swagger2.web.Swagger2ControllerWebMvc#getDocumentation(String, HttpServletRequest)]
14:54:39:693  INFO 1404 --- [main] com.alibaba.nacos.common.remote.client   : [RpcClientFactory] create a new rpc client of def6b3bb-a464-4419-8c0b-63da76fbfa28
14:54:39:735  INFO 1404 --- [main] org.reflections.Reflections              : Reflections took 25 ms to scan 1 urls, producing 3 keys and 6 values 
14:54:39:761  INFO 1404 --- [main] org.reflections.Reflections              : Reflections took 8 ms to scan 1 urls, producing 4 keys and 9 values 
14:54:39:770  INFO 1404 --- [main] org.reflections.Reflections              : Reflections took 5 ms to scan 1 urls, producing 3 keys and 10 values 
14:54:39:773  WARN 1404 --- [main] org.reflections.Reflections              : given scan urls are empty. set urls in the configuration
14:54:39:787  INFO 1404 --- [main] org.reflections.Reflections              : Reflections took 13 ms to scan 1 urls, producing 1 keys and 5 values 
14:54:39:796  INFO 1404 --- [main] org.reflections.Reflections              : Reflections took 6 ms to scan 1 urls, producing 1 keys and 7 values 
14:54:39:805  INFO 1404 --- [main] org.reflections.Reflections              : Reflections took 6 ms to scan 1 urls, producing 2 keys and 8 values 
14:54:39:808  WARN 1404 --- [main] org.reflections.Reflections              : given scan urls are empty. set urls in the configuration
14:54:39:809  INFO 1404 --- [main] com.alibaba.nacos.common.remote.client   : [def6b3bb-a464-4419-8c0b-63da76fbfa28] RpcClient init label, labels = {module=naming, source=sdk}
14:54:39:811  INFO 1404 --- [main] com.alibaba.nacos.common.remote.client   : [def6b3bb-a464-4419-8c0b-63da76fbfa28] RpcClient init, ServerListFactory = com.alibaba.nacos.client.naming.core.ServerListManager
14:54:39:811  INFO 1404 --- [main] com.alibaba.nacos.common.remote.client   : [def6b3bb-a464-4419-8c0b-63da76fbfa28] Registry connection listener to current client:com.alibaba.nacos.client.naming.remote.gprc.redo.NamingGrpcRedoService
14:54:39:812  INFO 1404 --- [main] com.alibaba.nacos.common.remote.client   : [def6b3bb-a464-4419-8c0b-63da76fbfa28] Register server push request handler:com.alibaba.nacos.client.naming.remote.gprc.NamingPushRequestHandler
14:54:39:813  INFO 1404 --- [main] com.alibaba.nacos.common.remote.client   : [def6b3bb-a464-4419-8c0b-63da76fbfa28] Try to connect to server on start up, server: {serverIp = '192.168.75.134', server main port = 8848}
14:54:41:002  INFO 1404 --- [main] com.alibaba.nacos.common.remote.client   : [def6b3bb-a464-4419-8c0b-63da76fbfa28] Success to connect to server [192.168.75.134:8848] on start up, connectionId = 1724695429241_192.168.75.1_3626
14:54:41:003  INFO 1404 --- [com.alibaba.nacos.client.remote.worker] com.alibaba.nacos.common.remote.client   : [def6b3bb-a464-4419-8c0b-63da76fbfa28] Notify connected event to listeners.
14:54:41:003  INFO 1404 --- [main] com.alibaba.nacos.common.remote.client   : [def6b3bb-a464-4419-8c0b-63da76fbfa28] Register server push request handler:com.alibaba.nacos.common.remote.client.RpcClient$ConnectResetRequestHandler
14:54:41:003  INFO 1404 --- [main] com.alibaba.nacos.common.remote.client   : [def6b3bb-a464-4419-8c0b-63da76fbfa28] Register server push request handler:com.alibaba.nacos.common.remote.client.RpcClient$$Lambda$915/0x000001d5816698b0
14:54:41:057  INFO 1404 --- [main] o.s.b.w.embedded.tomcat.TomcatWebServer  : Tomcat started on port(s): 8083 (http) with context path ''
14:54:41:066  INFO 1404 --- [main] c.a.c.n.registry.NacosServiceRegistry    : nacos registry, DEFAULT_GROUP item-service 113.55.120.213:8083 register finished
14:54:41:448  INFO 1404 --- [main] d.s.w.p.DocumentationPluginsBootstrapper : Documentation plugins bootstrapped
14:54:41:451  INFO 1404 --- [main] d.s.w.p.DocumentationPluginsBootstrapper : Found 1 custom documentation plugin(s)
14:54:41:476  INFO 1404 --- [main] s.d.s.w.s.ApiListingReferenceScanner     : Scanning for api listing references
14:54:41:560  INFO 1404 --- [nacos-grpc-client-executor-10] com.alibaba.nacos.common.remote.client   : [def6b3bb-a464-4419-8c0b-63da76fbfa28] Receive server push request, request = NotifySubscriberRequest, requestId = 51
14:54:41:564  INFO 1404 --- [nacos-grpc-client-executor-10] com.alibaba.nacos.common.remote.client   : [def6b3bb-a464-4419-8c0b-63da76fbfa28] Ack server push request, request = NotifySubscriberRequest, requestId = 51
14:54:41:609  INFO 1404 --- [main] com.hmall.item.ItemApplication           : Started ItemApplication in 6.287 seconds (JVM running for 7.088)
14:54:43:756  INFO 5452 --- [main] com.hmall.item.ItemApplication           : Starting ItemApplication using Java 17.0.10 on DESKTOP-NIN58E8 with PID 5452 (D:\WorkSpace\微服务\hmall\item-service\target\classes started by violet in D:\WorkSpace\微服务\hmall)
14:54:43:758 DEBUG 5452 --- [main] com.hmall.item.ItemApplication           : Running with Spring Boot v2.7.12, Spring v5.3.27
14:54:43:758  INFO 5452 --- [main] com.hmall.item.ItemApplication           : The following 1 profile is active: "local"
14:54:44:801  INFO 5452 --- [main] o.s.cloud.context.scope.GenericScope     : BeanFactory id=139afd3b-c67d-306d-98bb-39c936d0f819
14:54:45:205  INFO 5452 --- [main] o.s.b.w.embedded.tomcat.TomcatWebServer  : Tomcat initialized with port(s): 8081 (http)
14:54:45:214  INFO 5452 --- [main] o.apache.catalina.core.StandardService   : Starting service [Tomcat]
14:54:45:214  INFO 5452 --- [main] org.apache.catalina.core.StandardEngine  : Starting Servlet engine: [Apache Tomcat/9.0.75]
14:54:45:379  INFO 5452 --- [main] o.a.c.c.C.[Tomcat].[localhost].[/]       : Initializing Spring embedded WebApplicationContext
14:54:45:379  INFO 5452 --- [main] w.s.c.ServletWebServerApplicationContext : Root WebApplicationContext: initialization completed in 1578 ms
14:54:46:448  INFO 5452 --- [main] pertySourcedRequestMappingHandlerMapping : Mapped URL path [/v2/api-docs] onto method [springfox.documentation.swagger2.web.Swagger2ControllerWebMvc#getDocumentation(String, HttpServletRequest)]
14:54:46:906  INFO 5452 --- [main] com.alibaba.nacos.common.remote.client   : [RpcClientFactory] create a new rpc client of eaa0da63-5bf5-40ac-976b-6974d8c18fb9
14:54:46:944  INFO 5452 --- [main] org.reflections.Reflections              : Reflections took 20 ms to scan 1 urls, producing 3 keys and 6 values 
14:54:46:968  INFO 5452 --- [main] org.reflections.Reflections              : Reflections took 8 ms to scan 1 urls, producing 4 keys and 9 values 
14:54:46:980  INFO 5452 --- [main] org.reflections.Reflections              : Reflections took 9 ms to scan 1 urls, producing 3 keys and 10 values 
14:54:46:984  WARN 5452 --- [main] org.reflections.Reflections              : given scan urls are empty. set urls in the configuration
14:54:46:992  INFO 5452 --- [main] org.reflections.Reflections              : Reflections took 8 ms to scan 1 urls, producing 1 keys and 5 values 
14:54:47:001  INFO 5452 --- [main] org.reflections.Reflections              : Reflections took 6 ms to scan 1 urls, producing 1 keys and 7 values 
14:54:47:012  INFO 5452 --- [main] org.reflections.Reflections              : Reflections took 7 ms to scan 1 urls, producing 2 keys and 8 values 
14:54:47:015  WARN 5452 --- [main] org.reflections.Reflections              : given scan urls are empty. set urls in the configuration
14:54:47:016  INFO 5452 --- [main] com.alibaba.nacos.common.remote.client   : [eaa0da63-5bf5-40ac-976b-6974d8c18fb9] RpcClient init label, labels = {module=naming, source=sdk}
14:54:47:018  INFO 5452 --- [main] com.alibaba.nacos.common.remote.client   : [eaa0da63-5bf5-40ac-976b-6974d8c18fb9] RpcClient init, ServerListFactory = com.alibaba.nacos.client.naming.core.ServerListManager
14:54:47:019  INFO 5452 --- [main] com.alibaba.nacos.common.remote.client   : [eaa0da63-5bf5-40ac-976b-6974d8c18fb9] Registry connection listener to current client:com.alibaba.nacos.client.naming.remote.gprc.redo.NamingGrpcRedoService
14:54:47:019  INFO 5452 --- [main] com.alibaba.nacos.common.remote.client   : [eaa0da63-5bf5-40ac-976b-6974d8c18fb9] Register server push request handler:com.alibaba.nacos.client.naming.remote.gprc.NamingPushRequestHandler
14:54:47:021  INFO 5452 --- [main] com.alibaba.nacos.common.remote.client   : [eaa0da63-5bf5-40ac-976b-6974d8c18fb9] Try to connect to server on start up, server: {serverIp = '192.168.75.134', server main port = 8848}
14:54:48:133  INFO 5452 --- [main] com.alibaba.nacos.common.remote.client   : [eaa0da63-5bf5-40ac-976b-6974d8c18fb9] Success to connect to server [192.168.75.134:8848] on start up, connectionId = 1724695436972_192.168.75.1_3648
14:54:48:134  INFO 5452 --- [com.alibaba.nacos.client.remote.worker] com.alibaba.nacos.common.remote.client   : [eaa0da63-5bf5-40ac-976b-6974d8c18fb9] Notify connected event to listeners.
14:54:48:134  INFO 5452 --- [main] com.alibaba.nacos.common.remote.client   : [eaa0da63-5bf5-40ac-976b-6974d8c18fb9] Register server push request handler:com.alibaba.nacos.common.remote.client.RpcClient$ConnectResetRequestHandler
14:54:48:134  INFO 5452 --- [main] com.alibaba.nacos.common.remote.client   : [eaa0da63-5bf5-40ac-976b-6974d8c18fb9] Register server push request handler:com.alibaba.nacos.common.remote.client.RpcClient$$Lambda$915/0x0000022c01669b00
14:54:48:189  INFO 5452 --- [main] o.s.b.w.embedded.tomcat.TomcatWebServer  : Tomcat started on port(s): 8081 (http) with context path ''
14:54:48:198  INFO 5452 --- [main] c.a.c.n.registry.NacosServiceRegistry    : nacos registry, DEFAULT_GROUP item-service 113.55.120.213:8081 register finished
14:54:48:509  INFO 5452 --- [main] d.s.w.p.DocumentationPluginsBootstrapper : Documentation plugins bootstrapped
14:54:48:512  INFO 5452 --- [main] d.s.w.p.DocumentationPluginsBootstrapper : Found 1 custom documentation plugin(s)
14:54:48:536  INFO 5452 --- [main] s.d.s.w.s.ApiListingReferenceScanner     : Scanning for api listing references
14:54:48:637  INFO 5452 --- [main] com.hmall.item.ItemApplication           : Started ItemApplication in 5.702 seconds (JVM running for 6.459)
14:54:48:705  INFO 1404 --- [nacos-grpc-client-executor-13] com.alibaba.nacos.common.remote.client   : [def6b3bb-a464-4419-8c0b-63da76fbfa28] Receive server push request, request = NotifySubscriberRequest, requestId = 53
14:54:48:708  INFO 1404 --- [nacos-grpc-client-executor-13] com.alibaba.nacos.common.remote.client   : [def6b3bb-a464-4419-8c0b-63da76fbfa28] Ack server push request, request = NotifySubscriberRequest, requestId = 53
14:54:48:716  INFO 5452 --- [nacos-grpc-client-executor-9] com.alibaba.nacos.common.remote.client   : [eaa0da63-5bf5-40ac-976b-6974d8c18fb9] Receive server push request, request = NotifySubscriberRequest, requestId = 54
14:54:48:718  INFO 5452 --- [nacos-grpc-client-executor-9] com.alibaba.nacos.common.remote.client   : [eaa0da63-5bf5-40ac-976b-6974d8c18fb9] Ack server push request, request = NotifySubscriberRequest, requestId = 54
15:00:48:576  INFO 1404 --- [http-nio-8083-exec-1] o.a.c.c.C.[Tomcat].[localhost].[/]       : Initializing Spring DispatcherServlet 'dispatcherServlet'
15:00:48:576  INFO 1404 --- [http-nio-8083-exec-1] o.s.web.servlet.DispatcherServlet        : Initializing Servlet 'dispatcherServlet'
15:00:48:577  INFO 1404 --- [http-nio-8083-exec-1] o.s.web.servlet.DispatcherServlet        : Completed initialization in 0 ms
15:00:48:632  INFO 1404 --- [http-nio-8083-exec-1] com.zaxxer.hikari.HikariDataSource       : HikariPool-1 - Starting...
15:00:48:815  INFO 1404 --- [http-nio-8083-exec-1] com.zaxxer.hikari.HikariDataSource       : HikariPool-1 - Start completed.
15:00:48:820 DEBUG 1404 --- [http-nio-8083-exec-1] c.h.i.mapper.ItemMapper.selectBatchIds   : ==>  Preparing: SELECT id,name,price,stock,image,category,brand,spec,sold,comment_count,isAD,status,create_time,update_time,creater,updater FROM item WHERE id IN ( ? )
15:00:48:835 DEBUG 1404 --- [http-nio-8083-exec-1] c.h.i.mapper.ItemMapper.selectBatchIds   : ==> Parameters: 100000006163(Long)
15:00:48:854 DEBUG 1404 --- [http-nio-8083-exec-1] c.h.i.mapper.ItemMapper.selectBatchIds   : <==      Total: 1
15:01:07:672  INFO 5452 --- [http-nio-8081-exec-1] o.a.c.c.C.[Tomcat].[localhost].[/]       : Initializing Spring DispatcherServlet 'dispatcherServlet'
15:01:07:672  INFO 5452 --- [http-nio-8081-exec-1] o.s.web.servlet.DispatcherServlet        : Initializing Servlet 'dispatcherServlet'
15:01:07:673  INFO 5452 --- [http-nio-8081-exec-1] o.s.web.servlet.DispatcherServlet        : Completed initialization in 0 ms
15:01:07:732  INFO 5452 --- [http-nio-8081-exec-1] com.zaxxer.hikari.HikariDataSource       : HikariPool-1 - Starting...
15:01:07:948  INFO 5452 --- [http-nio-8081-exec-1] com.zaxxer.hikari.HikariDataSource       : HikariPool-1 - Start completed.
15:01:07:953 DEBUG 5452 --- [http-nio-8081-exec-1] c.h.i.mapper.ItemMapper.selectBatchIds   : ==>  Preparing: SELECT id,name,price,stock,image,category,brand,spec,sold,comment_count,isAD,status,create_time,update_time,creater,updater FROM item WHERE id IN ( ? )
15:01:07:968 DEBUG 5452 --- [http-nio-8081-exec-1] c.h.i.mapper.ItemMapper.selectBatchIds   : ==> Parameters: 100000006163(Long)
15:01:07:986 DEBUG 5452 --- [http-nio-8081-exec-1] c.h.i.mapper.ItemMapper.selectBatchIds   : <==      Total: 1
15:01:17:639 DEBUG 1404 --- [http-nio-8083-exec-2] c.h.i.m.ItemMapper.selectPage_mpCount    : ==>  Preparing: SELECT COUNT(*) FROM item WHERE (status = ?)
15:01:17:639 DEBUG 1404 --- [http-nio-8083-exec-2] c.h.i.m.ItemMapper.selectPage_mpCount    : ==> Parameters: 1(Integer)
15:01:17:655 DEBUG 1404 --- [http-nio-8083-exec-2] c.h.i.m.ItemMapper.selectPage_mpCount    : <==      Total: 1
15:01:17:662 DEBUG 1404 --- [http-nio-8083-exec-2] c.h.item.mapper.ItemMapper.selectPage    : ==>  Preparing: SELECT id, name, price, stock, image, category, brand, spec, sold, comment_count, isAD, status, create_time, update_time, creater, updater FROM item WHERE (status = ?) ORDER BY update_time DESC LIMIT ?
15:01:17:662 DEBUG 1404 --- [http-nio-8083-exec-2] c.h.item.mapper.ItemMapper.selectPage    : ==> Parameters: 1(Integer), 20(Long)
15:01:17:673 DEBUG 1404 --- [http-nio-8083-exec-2] c.h.item.mapper.ItemMapper.selectPage    : <==      Total: 20
15:01:21:369 DEBUG 1404 --- [http-nio-8083-exec-3] c.h.i.mapper.ItemMapper.selectBatchIds   : ==>  Preparing: SELECT id,name,price,stock,image,category,brand,spec,sold,comment_count,isAD,status,create_time,update_time,creater,updater FROM item WHERE id IN ( ? , ? )
15:01:21:370 DEBUG 1404 --- [http-nio-8083-exec-3] c.h.i.mapper.ItemMapper.selectBatchIds   : ==> Parameters: 5706773(Long), 100000006163(Long)
15:01:21:372 DEBUG 1404 --- [http-nio-8083-exec-3] c.h.i.mapper.ItemMapper.selectBatchIds   : <==      Total: 2
15:06:24:479 DEBUG 1404 --- [http-nio-8083-exec-6] c.h.i.mapper.ItemMapper.selectBatchIds   : ==>  Preparing: SELECT id,name,price,stock,image,category,brand,spec,sold,comment_count,isAD,status,create_time,update_time,creater,updater FROM item WHERE id IN ( ? , ? )
15:06:24:479 DEBUG 1404 --- [http-nio-8083-exec-6] c.h.i.mapper.ItemMapper.selectBatchIds   : ==> Parameters: 5706773(Long), 100000006163(Long)
15:06:24:481 DEBUG 1404 --- [http-nio-8083-exec-6] c.h.i.mapper.ItemMapper.selectBatchIds   : <==      Total: 2
15:06:30:746 DEBUG 5452 --- [http-nio-8081-exec-3] c.h.i.mapper.ItemMapper.selectBatchIds   : ==>  Preparing: SELECT id,name,price,stock,image,category,brand,spec,sold,comment_count,isAD,status,create_time,update_time,creater,updater FROM item WHERE id IN ( ? , ? )
15:06:30:747 DEBUG 5452 --- [http-nio-8081-exec-3] c.h.i.mapper.ItemMapper.selectBatchIds   : ==> Parameters: 5706773(Long), 100000006163(Long)
15:06:30:749 DEBUG 5452 --- [http-nio-8081-exec-3] c.h.i.mapper.ItemMapper.selectBatchIds   : <==      Total: 2
15:06:32:131 DEBUG 1404 --- [http-nio-8083-exec-7] c.h.i.mapper.ItemMapper.selectBatchIds   : ==>  Preparing: SELECT id,name,price,stock,image,category,brand,spec,sold,comment_count,isAD,status,create_time,update_time,creater,updater FROM item WHERE id IN ( ? , ? )
15:06:32:131 DEBUG 1404 --- [http-nio-8083-exec-7] c.h.i.mapper.ItemMapper.selectBatchIds   : ==> Parameters: 5706773(Long), 100000006163(Long)
15:06:32:132 DEBUG 1404 --- [http-nio-8083-exec-7] c.h.i.mapper.ItemMapper.selectBatchIds   : <==      Total: 2
15:06:40:704 DEBUG 5452 --- [http-nio-8081-exec-5] c.h.i.m.ItemMapper.selectPage_mpCount    : ==>  Preparing: SELECT COUNT(*) FROM item WHERE (status = ?)
15:06:40:704 DEBUG 5452 --- [http-nio-8081-exec-5] c.h.i.m.ItemMapper.selectPage_mpCount    : ==> Parameters: 1(Integer)
15:06:40:719 DEBUG 5452 --- [http-nio-8081-exec-5] c.h.i.m.ItemMapper.selectPage_mpCount    : <==      Total: 1
15:06:40:725 DEBUG 5452 --- [http-nio-8081-exec-5] c.h.item.mapper.ItemMapper.selectPage    : ==>  Preparing: SELECT id, name, price, stock, image, category, brand, spec, sold, comment_count, isAD, status, create_time, update_time, creater, updater FROM item WHERE (status = ?) ORDER BY update_time DESC LIMIT ?
15:06:40:726 DEBUG 5452 --- [http-nio-8081-exec-5] c.h.item.mapper.ItemMapper.selectPage    : ==> Parameters: 1(Integer), 20(Long)
15:06:40:733 DEBUG 5452 --- [http-nio-8081-exec-5] c.h.item.mapper.ItemMapper.selectPage    : <==      Total: 20
15:09:56:231 DEBUG 1404 --- [http-nio-8083-exec-9] c.h.i.mapper.ItemMapper.selectBatchIds   : ==>  Preparing: SELECT id,name,price,stock,image,category,brand,spec,sold,comment_count,isAD,status,create_time,update_time,creater,updater FROM item WHERE id IN ( ? , ? , ? )
15:09:56:231 DEBUG 1404 --- [http-nio-8083-exec-9] c.h.i.mapper.ItemMapper.selectBatchIds   : ==> Parameters: 5706773(Long), 100000006163(Long), 2030774(Long)
15:09:56:233 DEBUG 1404 --- [http-nio-8083-exec-9] c.h.i.mapper.ItemMapper.selectBatchIds   : <==      Total: 3
15:39:49:845  INFO 2492 --- [main] com.hmall.item.ItemApplication           : Starting ItemApplication using Java 17.0.10 on DESKTOP-NIN58E8 with PID 2492 (D:\WorkSpace\微服务\hmall\item-service\target\classes started by violet in D:\WorkSpace\微服务\hmall)
15:39:49:847 DEBUG 2492 --- [main] com.hmall.item.ItemApplication           : Running with Spring Boot v2.7.12, Spring v5.3.27
15:39:49:848  INFO 2492 --- [main] com.hmall.item.ItemApplication           : The following 1 profile is active: "local"
15:39:50:753  INFO 2492 --- [main] o.s.cloud.context.scope.GenericScope     : BeanFactory id=139afd3b-c67d-306d-98bb-39c936d0f819
15:39:51:103  INFO 2492 --- [main] o.s.b.w.embedded.tomcat.TomcatWebServer  : Tomcat initialized with port(s): 8083 (http)
15:39:51:112  INFO 2492 --- [main] o.apache.catalina.core.StandardService   : Starting service [Tomcat]
15:39:51:112  INFO 2492 --- [main] org.apache.catalina.core.StandardEngine  : Starting Servlet engine: [Apache Tomcat/9.0.75]
15:39:51:277  INFO 2492 --- [main] o.a.c.c.C.[Tomcat].[localhost].[/]       : Initializing Spring embedded WebApplicationContext
15:39:51:277  INFO 2492 --- [main] w.s.c.ServletWebServerApplicationContext : Root WebApplicationContext: initialization completed in 1390 ms
15:39:52:290  INFO 2492 --- [main] pertySourcedRequestMappingHandlerMapping : Mapped URL path [/v2/api-docs] onto method [springfox.documentation.swagger2.web.Swagger2ControllerWebMvc#getDocumentation(String, HttpServletRequest)]
15:39:52:811  INFO 2492 --- [main] com.alibaba.nacos.common.remote.client   : [RpcClientFactory] create a new rpc client of 63ff9a81-e01f-4a3a-8448-2ca7e048fbf7
15:39:52:848  INFO 2492 --- [main] org.reflections.Reflections              : Reflections took 20 ms to scan 1 urls, producing 3 keys and 6 values 
15:39:52:872  INFO 2492 --- [main] org.reflections.Reflections              : Reflections took 7 ms to scan 1 urls, producing 4 keys and 9 values 
15:39:52:881  INFO 2492 --- [main] org.reflections.Reflections              : Reflections took 6 ms to scan 1 urls, producing 3 keys and 10 values 
15:39:52:884  WARN 2492 --- [main] org.reflections.Reflections              : given scan urls are empty. set urls in the configuration
15:39:52:895  INFO 2492 --- [main] org.reflections.Reflections              : Reflections took 11 ms to scan 1 urls, producing 1 keys and 5 values 
15:39:52:903  INFO 2492 --- [main] org.reflections.Reflections              : Reflections took 5 ms to scan 1 urls, producing 1 keys and 7 values 
15:39:52:911  INFO 2492 --- [main] org.reflections.Reflections              : Reflections took 5 ms to scan 1 urls, producing 2 keys and 8 values 
15:39:52:914  WARN 2492 --- [main] org.reflections.Reflections              : given scan urls are empty. set urls in the configuration
15:39:52:915  INFO 2492 --- [main] com.alibaba.nacos.common.remote.client   : [63ff9a81-e01f-4a3a-8448-2ca7e048fbf7] RpcClient init label, labels = {module=naming, source=sdk}
15:39:52:916  INFO 2492 --- [main] com.alibaba.nacos.common.remote.client   : [63ff9a81-e01f-4a3a-8448-2ca7e048fbf7] RpcClient init, ServerListFactory = com.alibaba.nacos.client.naming.core.ServerListManager
15:39:52:917  INFO 2492 --- [main] com.alibaba.nacos.common.remote.client   : [63ff9a81-e01f-4a3a-8448-2ca7e048fbf7] Registry connection listener to current client:com.alibaba.nacos.client.naming.remote.gprc.redo.NamingGrpcRedoService
15:39:52:917  INFO 2492 --- [main] com.alibaba.nacos.common.remote.client   : [63ff9a81-e01f-4a3a-8448-2ca7e048fbf7] Register server push request handler:com.alibaba.nacos.client.naming.remote.gprc.NamingPushRequestHandler
15:39:52:919  INFO 2492 --- [main] com.alibaba.nacos.common.remote.client   : [63ff9a81-e01f-4a3a-8448-2ca7e048fbf7] Try to connect to server on start up, server: {serverIp = '192.168.75.134', server main port = 8848}
15:39:54:063  INFO 2492 --- [main] com.alibaba.nacos.common.remote.client   : [63ff9a81-e01f-4a3a-8448-2ca7e048fbf7] Success to connect to server [192.168.75.134:8848] on start up, connectionId = 1724830794156_192.168.75.1_13966
15:39:54:064  INFO 2492 --- [com.alibaba.nacos.client.remote.worker] com.alibaba.nacos.common.remote.client   : [63ff9a81-e01f-4a3a-8448-2ca7e048fbf7] Notify connected event to listeners.
15:39:54:064  INFO 2492 --- [main] com.alibaba.nacos.common.remote.client   : [63ff9a81-e01f-4a3a-8448-2ca7e048fbf7] Register server push request handler:com.alibaba.nacos.common.remote.client.RpcClient$ConnectResetRequestHandler
15:39:54:064  INFO 2492 --- [main] com.alibaba.nacos.common.remote.client   : [63ff9a81-e01f-4a3a-8448-2ca7e048fbf7] Register server push request handler:com.alibaba.nacos.common.remote.client.RpcClient$$Lambda$915/0x0000024c1466a438
15:39:54:112  INFO 2492 --- [main] o.s.b.w.embedded.tomcat.TomcatWebServer  : Tomcat started on port(s): 8083 (http) with context path ''
15:39:54:125  INFO 2492 --- [main] c.a.c.n.registry.NacosServiceRegistry    : nacos registry, DEFAULT_GROUP item-service 113.55.120.213:8083 register finished
15:39:54:459  INFO 2492 --- [main] d.s.w.p.DocumentationPluginsBootstrapper : Documentation plugins bootstrapped
15:39:54:461  INFO 2492 --- [main] d.s.w.p.DocumentationPluginsBootstrapper : Found 1 custom documentation plugin(s)
15:39:54:489  INFO 2492 --- [main] s.d.s.w.s.ApiListingReferenceScanner     : Scanning for api listing references
15:39:54:618  INFO 2492 --- [main] com.hmall.item.ItemApplication           : Started ItemApplication in 5.552 seconds (JVM running for 6.239)
15:39:54:654  INFO 2492 --- [nacos-grpc-client-executor-10] com.alibaba.nacos.common.remote.client   : [63ff9a81-e01f-4a3a-8448-2ca7e048fbf7] Receive server push request, request = NotifySubscriberRequest, requestId = 4
15:39:54:658  INFO 2492 --- [nacos-grpc-client-executor-10] com.alibaba.nacos.common.remote.client   : [63ff9a81-e01f-4a3a-8448-2ca7e048fbf7] Ack server push request, request = NotifySubscriberRequest, requestId = 4
15:39:56:653  INFO 1536 --- [main] com.hmall.item.ItemApplication           : Starting ItemApplication using Java 17.0.10 on DESKTOP-NIN58E8 with PID 1536 (D:\WorkSpace\微服务\hmall\item-service\target\classes started by violet in D:\WorkSpace\微服务\hmall)
15:39:56:656 DEBUG 1536 --- [main] com.hmall.item.ItemApplication           : Running with Spring Boot v2.7.12, Spring v5.3.27
15:39:56:656  INFO 1536 --- [main] com.hmall.item.ItemApplication           : The following 1 profile is active: "local"
15:39:57:663  INFO 1536 --- [main] o.s.cloud.context.scope.GenericScope     : BeanFactory id=139afd3b-c67d-306d-98bb-39c936d0f819
15:39:58:026  INFO 1536 --- [main] o.s.b.w.embedded.tomcat.TomcatWebServer  : Tomcat initialized with port(s): 8081 (http)
15:39:58:033  INFO 1536 --- [main] o.apache.catalina.core.StandardService   : Starting service [Tomcat]
15:39:58:034  INFO 1536 --- [main] org.apache.catalina.core.StandardEngine  : Starting Servlet engine: [Apache Tomcat/9.0.75]
15:39:58:222  INFO 1536 --- [main] o.a.c.c.C.[Tomcat].[localhost].[/]       : Initializing Spring embedded WebApplicationContext
15:39:58:223  INFO 1536 --- [main] w.s.c.ServletWebServerApplicationContext : Root WebApplicationContext: initialization completed in 1523 ms
15:39:59:395  INFO 1536 --- [main] pertySourcedRequestMappingHandlerMapping : Mapped URL path [/v2/api-docs] onto method [springfox.documentation.swagger2.web.Swagger2ControllerWebMvc#getDocumentation(String, HttpServletRequest)]
15:39:59:931  INFO 1536 --- [main] com.alibaba.nacos.common.remote.client   : [RpcClientFactory] create a new rpc client of ab58c111-b9d9-4997-a33d-0d13e70b88df
15:39:59:980  INFO 1536 --- [main] org.reflections.Reflections              : Reflections took 26 ms to scan 1 urls, producing 3 keys and 6 values 
15:40:00:006  INFO 1536 --- [main] org.reflections.Reflections              : Reflections took 9 ms to scan 1 urls, producing 4 keys and 9 values 
15:40:00:016  INFO 1536 --- [main] org.reflections.Reflections              : Reflections took 5 ms to scan 1 urls, producing 3 keys and 10 values 
15:40:00:019  WARN 1536 --- [main] org.reflections.Reflections              : given scan urls are empty. set urls in the configuration
15:40:00:029  INFO 1536 --- [main] org.reflections.Reflections              : Reflections took 9 ms to scan 1 urls, producing 1 keys and 5 values 
15:40:00:044  INFO 1536 --- [main] org.reflections.Reflections              : Reflections took 11 ms to scan 1 urls, producing 1 keys and 7 values 
15:40:00:056  INFO 1536 --- [main] org.reflections.Reflections              : Reflections took 7 ms to scan 1 urls, producing 2 keys and 8 values 
15:40:00:059  WARN 1536 --- [main] org.reflections.Reflections              : given scan urls are empty. set urls in the configuration
15:40:00:060  INFO 1536 --- [main] com.alibaba.nacos.common.remote.client   : [ab58c111-b9d9-4997-a33d-0d13e70b88df] RpcClient init label, labels = {module=naming, source=sdk}
15:40:00:063  INFO 1536 --- [main] com.alibaba.nacos.common.remote.client   : [ab58c111-b9d9-4997-a33d-0d13e70b88df] RpcClient init, ServerListFactory = com.alibaba.nacos.client.naming.core.ServerListManager
15:40:00:064  INFO 1536 --- [main] com.alibaba.nacos.common.remote.client   : [ab58c111-b9d9-4997-a33d-0d13e70b88df] Registry connection listener to current client:com.alibaba.nacos.client.naming.remote.gprc.redo.NamingGrpcRedoService
15:40:00:065  INFO 1536 --- [main] com.alibaba.nacos.common.remote.client   : [ab58c111-b9d9-4997-a33d-0d13e70b88df] Register server push request handler:com.alibaba.nacos.client.naming.remote.gprc.NamingPushRequestHandler
15:40:00:067  INFO 1536 --- [main] com.alibaba.nacos.common.remote.client   : [ab58c111-b9d9-4997-a33d-0d13e70b88df] Try to connect to server on start up, server: {serverIp = '192.168.75.134', server main port = 8848}
15:40:01:225  INFO 1536 --- [main] com.alibaba.nacos.common.remote.client   : [ab58c111-b9d9-4997-a33d-0d13e70b88df] Success to connect to server [192.168.75.134:8848] on start up, connectionId = 1724830801292_192.168.75.1_13987
15:40:01:226  INFO 1536 --- [com.alibaba.nacos.client.remote.worker] com.alibaba.nacos.common.remote.client   : [ab58c111-b9d9-4997-a33d-0d13e70b88df] Notify connected event to listeners.
15:40:01:227  INFO 1536 --- [main] com.alibaba.nacos.common.remote.client   : [ab58c111-b9d9-4997-a33d-0d13e70b88df] Register server push request handler:com.alibaba.nacos.common.remote.client.RpcClient$ConnectResetRequestHandler
15:40:01:227  INFO 1536 --- [main] com.alibaba.nacos.common.remote.client   : [ab58c111-b9d9-4997-a33d-0d13e70b88df] Register server push request handler:com.alibaba.nacos.common.remote.client.RpcClient$$Lambda$915/0x000001df816698b0
15:40:01:279  INFO 1536 --- [main] o.s.b.w.embedded.tomcat.TomcatWebServer  : Tomcat started on port(s): 8081 (http) with context path ''
15:40:01:289  INFO 1536 --- [main] c.a.c.n.registry.NacosServiceRegistry    : nacos registry, DEFAULT_GROUP item-service 113.55.120.213:8081 register finished
15:40:01:610  INFO 1536 --- [main] d.s.w.p.DocumentationPluginsBootstrapper : Documentation plugins bootstrapped
15:40:01:612  INFO 1536 --- [main] d.s.w.p.DocumentationPluginsBootstrapper : Found 1 custom documentation plugin(s)
15:40:01:633  INFO 1536 --- [main] s.d.s.w.s.ApiListingReferenceScanner     : Scanning for api listing references
15:40:01:722  INFO 1536 --- [main] com.hmall.item.ItemApplication           : Started ItemApplication in 5.839 seconds (JVM running for 6.535)
15:40:01:794  INFO 2492 --- [nacos-grpc-client-executor-13] com.alibaba.nacos.common.remote.client   : [63ff9a81-e01f-4a3a-8448-2ca7e048fbf7] Receive server push request, request = NotifySubscriberRequest, requestId = 7
15:40:01:796  INFO 2492 --- [nacos-grpc-client-executor-13] com.alibaba.nacos.common.remote.client   : [63ff9a81-e01f-4a3a-8448-2ca7e048fbf7] Ack server push request, request = NotifySubscriberRequest, requestId = 7
15:40:01:803  INFO 1536 --- [nacos-grpc-client-executor-11] com.alibaba.nacos.common.remote.client   : [ab58c111-b9d9-4997-a33d-0d13e70b88df] Receive server push request, request = NotifySubscriberRequest, requestId = 6
15:40:01:805  INFO 1536 --- [nacos-grpc-client-executor-11] com.alibaba.nacos.common.remote.client   : [ab58c111-b9d9-4997-a33d-0d13e70b88df] Ack server push request, request = NotifySubscriberRequest, requestId = 6
15:40:42:831  INFO 1536 --- [http-nio-8081-exec-1] o.a.c.c.C.[Tomcat].[localhost].[/]       : Initializing Spring DispatcherServlet 'dispatcherServlet'
15:40:42:831  INFO 1536 --- [http-nio-8081-exec-1] o.s.web.servlet.DispatcherServlet        : Initializing Servlet 'dispatcherServlet'
15:40:42:833  INFO 1536 --- [http-nio-8081-exec-1] o.s.web.servlet.DispatcherServlet        : Completed initialization in 0 ms
15:40:42:942  INFO 1536 --- [http-nio-8081-exec-1] com.zaxxer.hikari.HikariDataSource       : HikariPool-1 - Starting...
15:40:43:120  INFO 1536 --- [http-nio-8081-exec-1] com.zaxxer.hikari.HikariDataSource       : HikariPool-1 - Start completed.
15:40:43:125 DEBUG 1536 --- [http-nio-8081-exec-1] c.h.i.m.ItemMapper.selectPage_mpCount    : ==>  Preparing: SELECT COUNT(*) FROM item WHERE (status = ?)
15:40:43:140 DEBUG 1536 --- [http-nio-8081-exec-1] c.h.i.m.ItemMapper.selectPage_mpCount    : ==> Parameters: 1(Integer)
15:40:43:198 DEBUG 1536 --- [http-nio-8081-exec-1] c.h.i.m.ItemMapper.selectPage_mpCount    : <==      Total: 1
15:40:43:206 DEBUG 1536 --- [http-nio-8081-exec-1] c.h.item.mapper.ItemMapper.selectPage    : ==>  Preparing: SELECT id, name, price, stock, image, category, brand, spec, sold, comment_count, isAD, status, create_time, update_time, creater, updater FROM item WHERE (status = ?) ORDER BY update_time DESC LIMIT ?
15:40:43:207 DEBUG 1536 --- [http-nio-8081-exec-1] c.h.item.mapper.ItemMapper.selectPage    : ==> Parameters: 1(Integer), 1(Long)
15:40:43:213 DEBUG 1536 --- [http-nio-8081-exec-1] c.h.item.mapper.ItemMapper.selectPage    : <==      Total: 1
